TN:
SF:/home/ufo/personal/research/fuzzing/nginx/src/core/nginx.c
FN:195,fuzz_without_main
FN:390,ngx_show_version_info
FN:458,ngx_add_inherited_sockets
FN:518,ngx_set_environment
FN:629,ngx_cleanup_environment
FN:648,ngx_exec_new_binary
FN:749,ngx_get_options
FN:895,ngx_save_argv
FN:937,ngx_process_options
FN:1041,ngx_core_module_create_conf
FN:1086,ngx_core_module_init_conf
FN:1215,ngx_set_user
FN:1278,ngx_set_env
FN:1308,ngx_set_priority
FN:1348,ngx_set_cpu_affinity
FN:1446,ngx_get_cpu_affinity
FN:1500,ngx_set_worker_processes
FN:1529,ngx_load_module
FN:1613,ngx_unload_module
FNDA:0,ngx_set_user
FNDA:0,ngx_get_options
FNDA:0,fuzz_without_main
FNDA:0,ngx_set_environment
FNDA:0,ngx_cleanup_environment
FNDA:0,ngx_set_cpu_affinity
FNDA:0,ngx_get_cpu_affinity
FNDA:0,ngx_set_env
FNDA:524484,ngx_core_module_init_conf
FNDA:0,ngx_set_worker_processes
FNDA:0,ngx_show_version_info
FNDA:0,ngx_load_module
FNDA:0,ngx_set_priority
FNDA:0,ngx_unload_module
FNDA:0,ngx_add_inherited_sockets
FNDA:0,ngx_process_options
FNDA:0,ngx_exec_new_binary
FNDA:0,ngx_save_argv
FNDA:524484,ngx_core_module_create_conf
FNF:19
FNH:2
DA:195,0
DA:197,0
DA:198,0
DA:199,0
DA:200,0
DA:201,0
DA:202,0
DA:206,0
DA:207,0
DA:210,0
DA:211,0
DA:214,0
DA:215,0
DA:217,0
DA:218,0
DA:220,0
DA:222,0
DA:224,0
DA:227,0
DA:230,0
DA:231,0
DA:233,0
DA:234,0
DA:235,0
DA:248,0
DA:249,0
DA:250,0
DA:252,0
DA:253,0
DA:254,0
DA:257,0
DA:258,0
DA:261,0
DA:262,0
DA:265,0
DA:266,0
DA:273,0
DA:274,0
DA:281,0
DA:283,0
DA:284,0
DA:287,0
DA:288,0
DA:291,0
DA:292,0
DA:293,0
DA:294,0
DA:295,0
DA:296,0
DA:298,0
DA:301,0
DA:302,0
DA:303,0
DA:304,0
DA:305,0
DA:307,0
DA:308,0
DA:310,0
DA:312,0
DA:313,0
DA:314,0
DA:315,0
DA:317,0
DA:319,0
DA:320,0
DA:321,0
DA:322,0
DA:324,0
DA:327,0
DA:328,0
DA:331,0
DA:333,0
DA:335,0
DA:337,0
DA:338,0
DA:339,0
DA:343,0
DA:344,0
DA:347,0
DA:348,0
DA:349,0
DA:352,0
DA:353,0
DA:355,0
DA:356,0
DA:357,0
DA:361,0
DA:362,0
DA:365,0
DA:366,0
DA:369,0
DA:370,0
DA:371,0
DA:373,0
DA:374,0
DA:376,0
DA:378,0
DA:379,0
DA:381,0
DA:382,0
DA:385,0
DA:386,0
DA:390,0
DA:392,0
DA:394,0
DA:395,0
DA:428,0
DA:430,0
DA:433,0
DA:452,0
DA:453,0
DA:454,0
DA:458,0
DA:460,0
DA:461,0
DA:462,0
DA:464,0
DA:466,0
DA:467,0
DA:470,0
DA:473,0
DA:475,0
DA:477,0
DA:480,0
DA:481,0
DA:482,0
DA:483,0
DA:484,0
DA:488,0
DA:491,0
DA:493,0
DA:494,0
DA:495,0
DA:498,0
DA:500,0
DA:501,0
DA:502,0
DA:503,0
DA:505,0
DA:506,0
DA:509,0
DA:511,0
DA:513,0
DA:514,0
DA:518,0
DA:520,0
DA:521,0
DA:522,0
DA:523,0
DA:524,0
DA:526,0
DA:528,0
DA:529,0
DA:532,0
DA:534,0
DA:535,0
DA:536,0
DA:538,0
DA:540,0
DA:542,0
DA:543,0
DA:544,0
DA:547,0
DA:548,0
DA:550,0
DA:554,0
DA:556,0
DA:558,0
DA:559,0
DA:560,0
DA:563,0
DA:565,0
DA:566,0
DA:568,0
DA:569,0
DA:571,0
DA:572,0
DA:574,0
DA:575,0
DA:576,0
DA:577,0
DA:580,0
DA:582,0
DA:583,0
DA:584,0
DA:585,0
DA:588,0
DA:589,0
DA:590,0
DA:593,0
DA:594,0
DA:597,0
DA:599,0
DA:601,0
DA:602,0
DA:603,0
DA:606,0
DA:608,0
DA:609,0
DA:611,0
DA:612,0
DA:614,0
DA:615,0
DA:617,0
DA:619,0
DA:620,0
DA:621,0
DA:622,0
DA:624,0
DA:625,0
DA:629,0
DA:631,0
DA:633,0
DA:640,0
DA:643,0
DA:644,0
DA:648,0
DA:650,0
DA:651,0
DA:652,0
DA:653,0
DA:654,0
DA:655,0
DA:656,0
DA:658,0
DA:660,0
DA:661,0
DA:662,0
DA:664,0
DA:665,0
DA:666,0
DA:667,0
DA:670,0
DA:671,0
DA:672,0
DA:673,0
DA:674,0
DA:675,0
DA:678,0
DA:680,0
DA:681,0
DA:682,0
DA:683,0
DA:685,0
DA:687,0
DA:693,0
DA:701,0
DA:712,0
DA:714,0
DA:716,0
DA:717,0
DA:722,0
DA:723,0
DA:725,0
DA:728,0
DA:730,0
DA:731,0
DA:732,0
DA:734,0
DA:738,0
DA:739,0
DA:741,0
DA:742,0
DA:744,0
DA:745,0
DA:749,0
DA:751,0
DA:752,0
DA:754,0
DA:756,0
DA:758,0
DA:759,0
DA:760,0
DA:763,0
DA:765,0
DA:769,0
DA:770,0
DA:771,0
DA:774,0
DA:775,0
DA:778,0
DA:779,0
DA:780,0
DA:783,0
DA:784,0
DA:787,0
DA:788,0
DA:789,0
DA:792,0
DA:793,0
DA:796,0
DA:797,0
DA:798,0
DA:801,0
DA:802,0
DA:803,0
DA:806,0
DA:807,0
DA:810,0
DA:811,0
DA:813,0
DA:814,0
DA:816,0
DA:817,0
DA:818,0
DA:821,0
DA:822,0
DA:823,0
DA:825,0
DA:828,0
DA:829,0
DA:830,0
DA:833,0
DA:834,0
DA:835,0
DA:838,0
DA:839,0
DA:842,0
DA:843,0
DA:844,0
DA:847,0
DA:848,0
DA:849,0
DA:852,0
DA:853,0
DA:856,0
DA:857,0
DA:859,0
DA:860,0
DA:862,0
DA:863,0
DA:864,0
DA:867,0
DA:868,0
DA:869,0
DA:870,0
DA:872,0
DA:873,0
DA:876,0
DA:877,0
DA:880,0
DA:881,0
DA:887,0
DA:890,0
DA:891,0
DA:895,0
DA:904,0
DA:905,0
DA:907,0
DA:908,0
DA:910,0
DA:911,0
DA:912,0
DA:915,0
DA:916,0
DA:918,0
DA:919,0
DA:920,0
DA:923,0
DA:924,0
DA:926,0
DA:930,0
DA:932,0
DA:933,0
DA:937,0
DA:939,0
DA:940,0
DA:942,0
DA:943,0
DA:944,0
DA:946,0
DA:947,0
DA:948,0
DA:949,0
DA:952,0
DA:953,0
DA:954,0
DA:956,0
DA:957,0
DA:958,0
DA:959,0
DA:961,0
DA:987,0
DA:991,0
DA:996,0
DA:997,0
DA:998,0
DA:1000,0
DA:1001,0
DA:1004,0
DA:1005,0
DA:1008,0
DA:1009,0
DA:1010,0
DA:1012,0
DA:1013,0
DA:1014,0
DA:1015,0
DA:1017,0
DA:1019,0
DA:1020,0
DA:1021,0
DA:1023,0
DA:1024,0
DA:1027,0
DA:1028,0
DA:1029,0
DA:1030,0
DA:1032,0
DA:1033,0
DA:1034,0
DA:1036,0
DA:1037,0
DA:1041,524484
DA:1043,524484
DA:1045,524484
DA:1046,524484
DA:1047,0
DA:1061,524484
DA:1062,524484
DA:1063,524484
DA:1064,524484
DA:1066,524484
DA:1067,524484
DA:1069,524484
DA:1070,524484
DA:1072,524484
DA:1073,524484
DA:1075,1048968
DA:1076,524484
DA:1078,0
DA:1081,524484
DA:1082,524484
DA:1086,524484
DA:1088,524484
DA:1090,524484
DA:1091,524484
DA:1092,524484
DA:1093,524484
DA:1095,524484
DA:1096,524484
DA:1100,524484
DA:1101,524484
DA:1102,524484
DA:1103,0
DA:1105,0
DA:1109,0
DA:1114,524484
DA:1115,524484
DA:1116,524484
DA:1118,524484
DA:1119,0
DA:1122,524484
DA:1124,524484
DA:1125,524484
DA:1126,0
DA:1129,524484
DA:1135,524484
DA:1136,0
DA:1137,0
DA:1139,0
DA:1140,0
DA:1141,0
DA:1142,0
DA:1144,0
DA:1147,0
DA:1148,0
DA:1150,0
DA:1151,0
DA:1152,0
DA:1153,0
DA:1155,0
DA:1158,0
DA:1159,0
DA:1162,524484
DA:1163,524484
DA:1164,524484
DA:1166,524484
DA:1167,0
DA:1171,524484
DA:1173,524484
DA:1175,524484
DA:1176,0
DA:1178,0
DA:1179,0
DA:1180,0
DA:1182,0
DA:1184,0
DA:1186,0
DA:1187,0
DA:1189,0
DA:1190,0
DA:1191,0
DA:1194,0
DA:1195,524484
DA:1196,1048968
DA:1197,524484
DA:1198,524484
DA:1199,0
DA:1202,524484
DA:1206,524484
DA:1210,524484
DA:1211,524484
DA:1215,0
DA:1226,0
DA:1228,0
DA:1229,0
DA:1230,0
DA:1231,0
DA:1233,0
DA:1234,0
DA:1237,0
DA:1238,0
DA:1242,0
DA:1245,0
DA:1247,0
DA:1249,0
DA:1250,0
DA:1251,0
DA:1252,0
DA:1253,0
DA:1254,0
DA:1257,0
DA:1259,0
DA:1261,0
DA:1262,0
DA:1263,0
DA:1264,0
DA:1265,0
DA:1266,0
DA:1269,0
DA:1271,0
DA:1274,0
DA:1278,0
DA:1280,0
DA:1282,0
DA:1283,0
DA:1285,0
DA:1286,0
DA:1287,0
DA:1290,0
DA:1291,0
DA:1293,0
DA:1295,0
DA:1297,0
DA:1299,0
DA:1301,0
DA:1303,0
DA:1304,0
DA:1308,0
DA:1310,0
DA:1312,0
DA:1313,0
DA:1315,0
DA:1316,0
DA:1319,0
DA:1321,0
DA:1322,0
DA:1323,0
DA:1325,0
DA:1326,0
DA:1327,0
DA:1329,0
DA:1330,0
DA:1331,0
DA:1334,0
DA:1335,0
DA:1336,0
DA:1339,0
DA:1340,0
DA:1341,0
DA:1343,0
DA:1344,0
DA:1348,0
DA:1351,0
DA:1353,0
DA:1354,0
DA:1355,0
DA:1356,0
DA:1358,0
DA:1359,0
DA:1362,0
DA:1363,0
DA:1364,0
DA:1367,0
DA:1368,0
DA:1370,0
DA:1372,0
DA:1374,0
DA:1375,0
DA:1378,0
DA:1381,0
DA:1383,0
DA:1384,0
DA:1385,0
DA:1386,0
DA:1388,0
DA:1390,0
DA:1391,0
DA:1394,0
DA:1396,0
DA:1397,0
DA:1400,0
DA:1403,0
DA:1404,0
DA:1406,0
DA:1407,0
DA:1408,0
DA:1410,0
DA:1412,0
DA:1413,0
DA:1416,0
DA:1418,0
DA:1419,0
DA:1422,0
DA:1423,0
DA:1424,0
DA:1427,0
DA:1429,0
DA:1430,0
DA:1432,0
DA:1441,0
DA:1442,0
DA:1446,0
DA:1449,0
DA:1450,0
DA:1451,0
DA:1455,0
DA:1458,0
DA:1459,0
DA:1462,0
DA:1463,0
DA:1465,0
DA:1467,0
DA:1468,0
DA:1471,0
DA:1473,0
DA:1477,0
DA:1479,0
DA:1480,0
DA:1482,0
DA:1485,0
DA:1486,0
DA:1489,0
DA:1496,0
DA:1500,0
DA:1502,0
DA:1503,0
DA:1505,0
DA:1507,0
DA:1508,0
DA:1511,0
DA:1513,0
DA:1514,0
DA:1515,0
DA:1518,0
DA:1520,0
DA:1521,0
DA:1524,0
DA:1525,0
DA:1529,0
DA:1532,0
DA:1533,0
DA:1534,0
DA:1535,0
DA:1536,0
DA:1537,0
DA:1539,0
DA:1540,0
DA:1543,0
DA:1545,0
DA:1547,0
DA:1548,0
DA:1551,0
DA:1552,0
DA:1553,0
DA:1556,0
DA:1557,0
DA:1558,0
DA:1560,0
DA:1561,0
DA:1564,0
DA:1565,0
DA:1567,0
DA:1568,0
DA:1569,0
DA:1571,0
DA:1572,0
DA:1575,0
DA:1576,0
DA:1577,0
DA:1579,0
DA:1580,0
DA:1583,0
DA:1585,0
DA:1586,0
DA:1587,0
DA:1589,0
DA:1590,0
DA:1595,0
DA:1597,0
DA:1607,0
DA:1613,0
DA:1615,0
DA:1617,0
DA:1618,0
DA:1620,0
DA:1621,0
LF:708
LH:53
end_of_record
TN:
SF:/home/ufo/personal/research/fuzzing/nginx/src/core/ngx_array.c
FN:13,ngx_array_create
FN:31,ngx_array_destroy
FN:48,ngx_array_push
FN:95,ngx_array_push_n
FNDA:8916280,ngx_array_create
FNDA:0,ngx_array_destroy
FNDA:26224200,ngx_array_push_n
FNDA:265913557,ngx_array_push
FNF:4
FNH:3
DA:13,8916280
DA:15,8916280
DA:17,8916280
DA:18,8916280
DA:19,0
DA:22,8916280
DA:23,0
DA:26,8916280
DA:27,8916280
DA:31,0
DA:33,0
DA:35,0
DA:37,0
DA:38,0
DA:39,0
DA:41,0
DA:42,0
DA:43,0
DA:44,0
DA:48,265913557
DA:50,265913557
DA:51,265913557
DA:52,265913557
DA:54,265913557
DA:58,15210090
DA:60,15210090
DA:62,15210090
DA:63,15210090
DA:70,0
DA:71,0
DA:73,0
DA:76,15210090
DA:77,15210090
DA:78,0
DA:81,15210090
DA:82,15210090
DA:83,15210090
DA:85,15210090
DA:87,265913557
DA:88,265913557
DA:90,265913557
DA:91,265913557
DA:95,26224200
DA:97,26224200
DA:98,26224200
DA:99,26224200
DA:100,26224200
DA:102,26224200
DA:104,26224200
DA:108,1573452
DA:110,1573452
DA:111,1573452
DA:118,0
DA:119,0
DA:121,0
DA:124,1573452
DA:126,1573452
DA:127,1573452
DA:128,0
DA:131,1573452
DA:132,1573452
DA:133,1573452
DA:135,1573452
DA:137,26224200
DA:138,26224200
DA:140,26224200
DA:141,26224200
LF:67
LH:47
end_of_record
TN:
SF:/home/ufo/personal/research/fuzzing/nginx/src/core/ngx_array.h
FN:32,ngx_array_init
FNDA:72903328,ngx_array_init
FNF:1
FNH:1
DA:32,72903328
DA:39,72903328
DA:40,72903328
DA:41,72903328
DA:42,72903328
DA:44,72903328
DA:45,72903328
DA:46,0
DA:49,72903328
DA:50,72903328
LF:10
LH:9
end_of_record
TN:
SF:/home/ufo/personal/research/fuzzing/nginx/src/core/ngx_buf.c
FN:13,ngx_create_temp_buf
FN:48,ngx_alloc_chain_link
FN:69,ngx_create_chain_of_bufs
FN:127,ngx_chain_add_copy
FN:157,ngx_chain_get_free_buf
FN:185,ngx_chain_update_chains
FN:227,ngx_chain_coalesce_file
FN:272,ngx_chain_update_sent
FNDA:1771587346,ngx_alloc_chain_link
FNDA:0,ngx_chain_update_chains
FNDA:2105386505,ngx_create_temp_buf
FNDA:0,ngx_create_chain_of_bufs
FNDA:0,ngx_chain_get_free_buf
FNDA:0,ngx_chain_coalesce_file
FNDA:0,ngx_chain_add_copy
FNDA:0,ngx_chain_update_sent
FNF:8
FNH:2
DA:13,2105386505
DA:15,2105386505
DA:17,2105386505
DA:18,2105386505
DA:19,0
DA:22,2105386505
DA:23,2105386505
DA:24,0
DA:38,2105386505
DA:39,2105386505
DA:40,2105386505
DA:41,2105386505
DA:43,2105386505
DA:44,2105386505
DA:48,1771587346
DA:50,1771587346
DA:52,1771587346
DA:54,1771587346
DA:55,0
DA:56,0
DA:59,1771587346
DA:60,1771587346
DA:61,0
DA:64,1771587346
DA:65,1771587346
DA:69,0
DA:71,0
DA:72,0
DA:73,0
DA:74,0
DA:76,0
DA:77,0
DA:78,0
DA:81,0
DA:83,0
DA:85,0
DA:86,0
DA:87,0
DA:102,0
DA:103,0
DA:104,0
DA:106,0
DA:107,0
DA:108,0
DA:110,0
DA:111,0
DA:112,0
DA:115,0
DA:116,0
DA:117,0
DA:118,0
DA:120,0
DA:122,0
DA:123,0
DA:127,0
DA:129,0
DA:131,0
DA:133,0
DA:134,0
DA:135,0
DA:137,0
DA:138,0
DA:139,0
DA:140,0
DA:141,0
DA:144,0
DA:145,0
DA:146,0
DA:147,0
DA:150,0
DA:152,0
DA:153,0
DA:157,0
DA:159,0
DA:161,0
DA:162,0
DA:163,0
DA:164,0
DA:165,0
DA:168,0
DA:169,0
DA:170,0
DA:173,0
DA:174,0
DA:175,0
DA:178,0
DA:180,0
DA:181,0
DA:185,0
DA:188,0
DA:190,0
DA:191,0
DA:192,0
DA:194,0
DA:195,0
DA:197,0
DA:200,0
DA:201,0
DA:203,0
DA:204,0
DA:206,0
DA:207,0
DA:208,0
DA:209,0
DA:212,0
DA:213,0
DA:216,0
DA:217,0
DA:219,0
DA:220,0
DA:221,0
DA:223,0
DA:227,0
DA:229,0
DA:230,0
DA:231,0
DA:233,0
DA:235,0
DA:236,0
DA:238,0
DA:239,0
DA:241,0
DA:242,0
DA:244,0
DA:245,0
DA:247,0
DA:248,0
DA:249,0
DA:251,0
DA:252,0
DA:255,0
DA:256,0
DA:257,0
DA:259,0
DA:260,0
DA:261,0
DA:262,0
DA:263,0
DA:265,0
DA:267,0
DA:268,0
DA:272,0
DA:274,0
DA:276,0
DA:278,0
DA:279,0
DA:282,0
DA:283,0
DA:286,0
DA:288,0
DA:289,0
DA:291,0
DA:292,0
DA:293,0
DA:295,0
DA:296,0
DA:297,0
DA:299,0
DA:302,0
DA:303,0
DA:304,0
DA:306,0
DA:307,0
DA:308,0
DA:310,0
DA:313,0
DA:314,0
LF:167
LH:20
end_of_record
TN:
SF:/home/ufo/personal/research/fuzzing/nginx/src/core/ngx_conf_file.c
FN:63,ngx_conf_param
FN:102,ngx_conf_add_dump
FN:158,ngx_conf_parse
FN:356,ngx_conf_handler
FN:503,ngx_conf_read_token
FN:821,ngx_conf_include
FN:887,ngx_conf_full_name
FN:898,ngx_conf_open_file
FN:962,ngx_conf_flush_files
FN:992,ngx_conf_log_error
FN:1026,ngx_conf_set_flag_slot
FN:1066,ngx_conf_set_str_slot
FN:1093,ngx_conf_set_str_array_slot
FN:1129,ngx_conf_set_keyval_slot
FN:1167,ngx_conf_set_num_slot
FN:1198,ngx_conf_set_size_slot
FN:1229,ngx_conf_set_off_slot
FN:1260,ngx_conf_set_msec_slot
FN:1291,ngx_conf_set_sec_slot
FN:1322,ngx_conf_set_bufs_slot
FN:1352,ngx_conf_set_enum_slot
FN:1389,ngx_conf_set_bitmask_slot
FN:1446,ngx_conf_deprecated
FN:1460,ngx_conf_check_num_bounds
FNDA:0,ngx_conf_check_num_bounds
FNDA:1573452,ngx_conf_set_keyval_slot
FNDA:24650748,ngx_conf_read_token
FNDA:0,ngx_conf_log_error
FNDA:1048968,ngx_conf_open_file
FNDA:0,ngx_conf_flush_files
FNDA:4195872,ngx_conf_full_name
FNDA:0,ngx_conf_set_str_array_slot
FNDA:524484,ngx_conf_set_off_slot
FNDA:524484,ngx_conf_set_bitmask_slot
FNDA:524484,ngx_conf_set_bufs_slot
FNDA:524484,ngx_conf_set_enum_slot
FNDA:0,ngx_conf_include
FNDA:0,ngx_conf_set_num_slot
FNDA:0,ngx_conf_deprecated
FNDA:524484,ngx_conf_param
FNDA:0,ngx_conf_add_dump
FNDA:0,ngx_conf_set_sec_slot
FNDA:1573452,ngx_conf_set_size_slot
FNDA:21503844,ngx_conf_handler
FNDA:2622420,ngx_conf_set_flag_slot
FNDA:524484,ngx_conf_set_msec_slot
FNDA:0,ngx_conf_set_str_slot
FNDA:3146904,ngx_conf_parse
FNF:24
FNH:14
DA:63,524484
DA:65,524484
DA:66,524484
DA:67,524484
DA:68,524484
DA:70,524484
DA:72,524484
DA:73,524484
DA:76,0
DA:78,0
DA:80,0
DA:81,0
DA:82,0
DA:83,0
DA:84,0
DA:86,0
DA:87,0
DA:88,0
DA:90,0
DA:91,0
DA:93,0
DA:95,0
DA:97,0
DA:98,524484
DA:102,0
DA:104,0
DA:105,0
DA:106,0
DA:107,0
DA:108,0
DA:109,0
DA:111,0
DA:113,0
DA:115,0
DA:116,0
DA:117,0
DA:120,0
DA:121,0
DA:122,0
DA:125,0
DA:126,0
DA:127,0
DA:130,0
DA:132,0
DA:133,0
DA:134,0
DA:137,0
DA:138,0
DA:139,0
DA:141,0
DA:143,0
DA:144,0
DA:145,0
DA:148,0
DA:149,0
DA:151,0
DA:153,0
DA:154,0
DA:158,3146904
DA:160,3146904
DA:161,3146904
DA:162,3146904
DA:163,3146904
DA:164,3146904
DA:165,3146904
DA:172,3146904
DA:173,3146904
DA:176,3146904
DA:180,524484
DA:182,524484
DA:183,0
DA:185,0
DA:186,0
DA:189,524484
DA:191,524484
DA:193,524484
DA:194,0
DA:196,0
DA:198,524484
DA:200,524484
DA:201,524484
DA:202,0
DA:205,524484
DA:206,524484
DA:207,524484
DA:208,524484
DA:210,524484
DA:211,524484
DA:212,524484
DA:213,524484
DA:214,524484
DA:215,524484
DA:217,524484
DA:219,524484
DA:225,0
DA:226,0
DA:229,0
DA:230,524484
DA:233,3146904
DA:235,2622420
DA:237,2622420
DA:238,0
DA:242,24650748
DA:243,24650748
DA:255,24650748
DA:256,0
DA:259,24650748
DA:261,2622420
DA:262,0
DA:263,0
DA:266,2622420
DA:269,22028328
DA:271,524484
DA:272,0
DA:274,0
DA:277,524484
DA:280,21503844
DA:282,2622420
DA:283,0
DA:286,0
DA:288,2622420
DA:292,21503844
DA:299,0
DA:300,0
DA:301,0
DA:304,0
DA:305,0
DA:306,0
DA:309,0
DA:310,0
DA:313,0
DA:315,0
DA:319,21503844
DA:321,21503844
DA:322,0
DA:328,0
DA:332,3146904
DA:333,524484
DA:334,524484
DA:335,524484
DA:337,524484
DA:338,0
DA:341,0
DA:342,0
DA:344,524484
DA:345,524484
DA:347,3146904
DA:348,0
DA:351,3146904
DA:352,3146904
DA:356,21503844
DA:358,21503844
DA:359,21503844
DA:360,21503844
DA:361,21503844
DA:362,21503844
DA:364,21503844
DA:366,21503844
DA:368,334620792
DA:370,334620792
DA:371,334620792
DA:372,7867260
DA:375,2874696804
DA:377,2569447116
DA:378,2433605760
DA:381,135841356
DA:382,108568188
DA:385,27273168
DA:387,27273168
DA:388,27273168
DA:390,524484
DA:395,26748684
DA:396,5244840
DA:399,21503844
DA:400,0
DA:402,0
DA:403,0
DA:406,21503844
DA:407,0
DA:409,0
DA:410,0
DA:415,21503844
DA:417,21503844
DA:419,2622420
DA:420,0
DA:423,21503844
DA:425,7867260
DA:426,0
DA:429,18881424
DA:431,0
DA:432,0
DA:435,11014164
DA:437,0
DA:439,11014164
DA:441,0
DA:443,21503844
DA:447,21503844
DA:449,21503844
DA:450,0
DA:452,21503844
DA:453,1573452
DA:455,21503844
DA:456,19930392
DA:458,19930392
DA:459,19930392
DA:460,19930392
DA:461,19930392
DA:463,21503844
DA:465,21503844
DA:466,21503844
DA:469,0
DA:470,0
DA:473,0
DA:474,0
DA:476,0
DA:478,305249688
DA:480,0
DA:481,0
DA:482,0
DA:484,0
DA:487,0
DA:488,0
DA:490,0
DA:494,0
DA:496,0
DA:498,0
DA:499,21503844
DA:503,24650748
DA:505,24650748
DA:506,24650748
DA:507,24650748
DA:508,24650748
DA:509,24650748
DA:510,24650748
DA:511,24650748
DA:512,24650748
DA:514,24650748
DA:515,24650748
DA:516,24650748
DA:517,24650748
DA:518,24650748
DA:519,24650748
DA:520,24650748
DA:521,24650748
DA:523,24650748
DA:524,24650748
DA:525,24650748
DA:526,24650748
DA:527,24650748
DA:529,24650748
DA:531,542841072
DA:533,689696592
DA:535,1048968
DA:537,524484
DA:539,0
DA:540,0
DA:543,0
DA:546,0
DA:549,0
DA:552,524484
DA:555,524484
DA:557,524484
DA:558,0
DA:560,0
DA:561,0
DA:563,0
DA:564,0
DA:566,0
DA:567,0
DA:569,0
DA:570,0
DA:573,0
DA:575,0
DA:576,0
DA:579,524484
DA:580,0
DA:581,0
DA:583,524484
DA:585,524484
DA:586,0
DA:587,0
DA:589,1048968
DA:590,524484
DA:592,524484
DA:593,0
DA:596,524484
DA:597,0
DA:600,0
DA:601,0
DA:604,524484
DA:605,524484
DA:606,524484
DA:608,524484
DA:609,0
DA:610,0
DA:611,524484
DA:613,689172108
DA:615,689172108
DA:616,24126264
DA:618,24126264
DA:619,0
DA:620,0
DA:621,24126264
DA:623,689172108
DA:624,0
DA:627,689172108
DA:628,0
DA:629,0
DA:632,689172108
DA:633,0
DA:634,0
DA:635,0
DA:636,0
DA:639,0
DA:640,0
DA:643,0
DA:644,0
DA:647,0
DA:648,0
DA:649,0
DA:651,0
DA:652,0
DA:653,0
DA:654,0
DA:656,0
DA:658,689172108
DA:660,200877372
DA:661,200877372
DA:663,200877372
DA:664,145282068
DA:667,55595304
DA:671,2622420
DA:672,0
DA:673,0
DA:674,0
DA:677,2622420
DA:678,2622420
DA:681,0
DA:684,2622420
DA:685,0
DA:687,0
DA:690,2622420
DA:693,0
DA:694,0
DA:697,0
DA:698,0
DA:699,0
DA:702,0
DA:703,0
DA:704,0
DA:705,0
DA:708,0
DA:709,0
DA:710,0
DA:711,0
DA:714,1573452
DA:715,1573452
DA:716,1573452
DA:719,48777012
DA:720,48777012
DA:722,48777012
DA:723,488294736
DA:724,0
DA:727,488294736
DA:729,488294736
DA:730,0
DA:731,0
DA:734,488294736
DA:735,0
DA:736,0
DA:739,488294736
DA:740,0
DA:741,0
DA:742,0
DA:743,0
DA:744,0
DA:746,488294736
DA:747,0
DA:748,0
DA:749,0
DA:750,0
DA:751,0
DA:753,926239008
DA:754,456825696
DA:756,50350464
DA:757,50350464
DA:758,50350464
DA:760,488294736
DA:761,50350464
DA:762,50350464
DA:763,0
DA:766,50350464
DA:767,50350464
DA:768,0
DA:771,538645200
DA:772,538645200
DA:773,488294736
DA:775,488294736
DA:776,0
DA:780,0
DA:781,0
DA:784,0
DA:785,0
DA:786,0
DA:789,0
DA:790,0
DA:791,0
DA:794,0
DA:795,0
DA:796,0
DA:799,0
DA:800,488294736
DA:801,488294736
DA:802,50350464
DA:803,50350464
DA:805,50350464
DA:806,18881424
DA:809,31469040
DA:810,0
DA:813,31469040
DA:814,31469040
DA:817,24650748
DA:821,0
DA:823,0
DA:824,0
DA:825,0
DA:826,0
DA:828,0
DA:829,0
DA:833,0
DA:834,0
DA:837,0
DA:841,0
DA:844,0
DA:846,0
DA:847,0
DA:848,0
DA:850,0
DA:851,0
DA:852,0
DA:853,0
DA:856,0
DA:858,0
DA:859,0
DA:861,0
DA:862,0
DA:865,0
DA:866,0
DA:867,0
DA:868,0
DA:873,0
DA:875,0
DA:876,0
DA:880,0
DA:882,0
DA:883,0
DA:887,4195872
DA:889,4195872
DA:891,4195872
DA:893,8391744
DA:894,4195872
DA:898,1048968
DA:900,1048968
DA:901,1048968
DA:902,1048968
DA:903,1048968
DA:906,1048968
DA:909,1048968
DA:910,0
DA:912,0
DA:913,0
DA:916,0
DA:917,0
DA:919,0
DA:921,0
DA:922,0
DA:923,0
DA:925,0
DA:926,0
DA:927,0
DA:928,0
DA:930,0
DA:931,0
DA:934,0
DA:935,0
DA:937,0
DA:938,0
DA:940,1048968
DA:941,1048968
DA:942,0
DA:945,1048968
DA:946,0
DA:947,0
DA:949,0
DA:950,1048968
DA:951,1048968
DA:954,1048968
DA:955,1048968
DA:957,1048968
DA:958,1048968
DA:962,0
DA:964,0
DA:965,0
DA:966,0
DA:970,0
DA:971,0
DA:973,0
DA:975,0
DA:976,0
DA:977,0
DA:979,0
DA:980,0
DA:981,0
DA:982,0
DA:984,0
DA:985,0
DA:986,0
DA:987,0
DA:988,0
DA:992,0
DA:995,0
DA:996,0
DA:998,0
DA:1000,0
DA:1001,0
DA:1002,0
DA:1004,0
DA:1005,0
DA:1006,0
DA:1008,0
DA:1009,0
DA:1010,0
DA:1013,0
DA:1014,0
DA:1016,0
DA:1019,0
DA:1022,0
DA:1026,2622420
DA:1028,2622420
DA:1030,2622420
DA:1031,2622420
DA:1032,2622420
DA:1034,2622420
DA:1036,2622420
DA:1037,0
DA:1040,2622420
DA:1042,2622420
DA:1043,0
DA:1045,2622420
DA:1046,2622420
DA:1048,2622420
DA:1049,0
DA:1052,0
DA:1053,0
DA:1056,2622420
DA:1057,0
DA:1058,0
DA:1061,2622420
DA:1062,2622420
DA:1066,0
DA:1068,0
DA:1070,0
DA:1071,0
DA:1073,0
DA:1075,0
DA:1076,0
DA:1079,0
DA:1081,0
DA:1083,0
DA:1084,0
DA:1085,0
DA:1088,0
DA:1089,0
DA:1093,0
DA:1095,0
DA:1097,0
DA:1098,0
DA:1099,0
DA:1101,0
DA:1103,0
DA:1104,0
DA:1105,0
DA:1106,0
DA:1108,0
DA:1110,0
DA:1111,0
DA:1112,0
DA:1115,0
DA:1117,0
DA:1119,0
DA:1120,0
DA:1121,0
DA:1124,0
DA:1125,0
DA:1129,1573452
DA:1131,1573452
DA:1133,1573452
DA:1134,1573452
DA:1135,1573452
DA:1136,1573452
DA:1138,1573452
DA:1140,1573452
DA:1141,524484
DA:1142,524484
DA:1143,0
DA:1145,524484
DA:1147,1573452
DA:1148,1573452
DA:1149,0
DA:1152,1573452
DA:1154,1573452
DA:1155,1573452
DA:1157,1573452
DA:1158,0
DA:1159,0
DA:1162,1573452
DA:1163,1573452
DA:1167,0
DA:1169,0
DA:1171,0
DA:1172,0
DA:1173,0
DA:1176,0
DA:1178,0
DA:1179,0
DA:1182,0
DA:1183,0
DA:1184,0
DA:1185,0
DA:1188,0
DA:1189,0
DA:1190,0
DA:1193,0
DA:1194,0
DA:1198,1573452
DA:1200,1573452
DA:1202,1573452
DA:1203,1573452
DA:1204,1573452
DA:1207,1573452
DA:1208,1573452
DA:1209,0
DA:1212,1573452
DA:1214,1573452
DA:1215,1573452
DA:1216,0
DA:1219,1573452
DA:1220,0
DA:1221,0
DA:1224,1573452
DA:1225,1573452
DA:1229,524484
DA:1231,524484
DA:1233,524484
DA:1234,524484
DA:1235,524484
DA:1238,524484
DA:1239,524484
DA:1240,0
DA:1243,524484
DA:1245,524484
DA:1246,524484
DA:1247,0
DA:1250,524484
DA:1251,0
DA:1252,0
DA:1255,524484
DA:1256,524484
DA:1260,524484
DA:1262,524484
DA:1264,524484
DA:1265,524484
DA:1266,524484
DA:1269,524484
DA:1270,524484
DA:1271,0
DA:1274,524484
DA:1276,524484
DA:1277,524484
DA:1278,0
DA:1281,524484
DA:1282,0
DA:1283,0
DA:1286,524484
DA:1287,524484
DA:1291,0
DA:1293,0
DA:1295,0
DA:1296,0
DA:1297,0
DA:1300,0
DA:1301,0
DA:1302,0
DA:1305,0
DA:1307,0
DA:1308,0
DA:1309,0
DA:1312,0
DA:1313,0
DA:1314,0
DA:1317,0
DA:1318,0
DA:1322,524484
DA:1324,524484
DA:1326,524484
DA:1327,524484
DA:1330,524484
DA:1331,524484
DA:1332,0
DA:1335,524484
DA:1337,524484
DA:1338,524484
DA:1339,0
DA:1342,524484
DA:1343,524484
DA:1344,0
DA:1347,524484
DA:1348,524484
DA:1352,524484
DA:1354,524484
DA:1356,524484
DA:1357,524484
DA:1358,524484
DA:1360,524484
DA:1362,524484
DA:1363,0
DA:1366,524484
DA:1367,524484
DA:1369,1048968
DA:1370,1048968
DA:1371,1048968
DA:1373,524484
DA:1376,524484
DA:1378,524484
DA:1381,0
DA:1382,0
DA:1384,0
DA:1385,524484
DA:1389,524484
DA:1391,524484
DA:1393,524484
DA:1394,524484
DA:1395,524484
DA:1398,524484
DA:1399,524484
DA:1400,524484
DA:1402,1048968
DA:1403,6818292
DA:1405,6818292
DA:1406,6818292
DA:1408,6293808
DA:1411,524484
DA:1412,0
DA:1413,0
DA:1415,0
DA:1416,524484
DA:1419,524484
DA:1422,524484
DA:1423,0
DA:1424,0
DA:1426,0
DA:1428,524484
DA:1430,524484
DA:1431,524484
DA:1446,0
DA:1448,0
DA:1450,0
DA:1453,0
DA:1455,0
DA:1456,0
DA:1460,0
DA:1462,0
DA:1463,0
DA:1465,0
DA:1466,0
DA:1467,0
DA:1470,0
DA:1472,0
DA:1474,0
DA:1477,0
DA:1478,0
DA:1481,0
DA:1483,0
DA:1485,0
DA:1486,0
LF:785
LH:357
end_of_record
TN:
SF:/home/ufo/personal/research/fuzzing/nginx/src/core/ngx_connection.c
FN:20,ngx_create_listening
FN:99,ngx_clone_listening
FN:135,ngx_set_inherited_sockets
FN:407,ngx_open_listening_sockets
FN:716,ngx_configure_listening_sockets
FN:1024,ngx_close_listening_sockets
FN:1097,ngx_get_connection
FN:1163,ngx_free_connection
FN:1176,ngx_close_connection
FN:1264,ngx_reusable_connection
FN:1295,ngx_drain_connections
FN:1352,ngx_close_idle_connections
FN:1372,ngx_connection_local_sockaddr
FN:1444,ngx_tcp_nodelay
FN:1487,ngx_connection_error
FNDA:17110318,ngx_tcp_nodelay
FNDA:0,ngx_close_listening_sockets
FNDA:524484,ngx_create_listening
FNDA:524484,ngx_open_listening_sockets
FNDA:350911931,ngx_free_connection
FNDA:0,ngx_connection_local_sockaddr
FNDA:524484,ngx_configure_listening_sockets
FNDA:701823862,ngx_reusable_connection
FNDA:350911931,ngx_drain_connections
FNDA:350911931,ngx_get_connection
FNDA:0,ngx_clone_listening
FNDA:0,ngx_set_inherited_sockets
FNDA:350843778,ngx_connection_error
FNDA:350911931,ngx_close_connection
FNDA:0,ngx_close_idle_connections
FNF:15
FNH:10
DA:20,524484
DA:23,524484
DA:24,524484
DA:25,524484
DA:26,524484
DA:28,524484
DA:29,524484
DA:30,0
DA:33,524484
DA:35,524484
DA:36,524484
DA:37,0
DA:40,524484
DA:42,524484
DA:43,524484
DA:45,524484
DA:46,524484
DA:48,524484
DA:51,0
DA:52,0
DA:56,524484
DA:57,524484
DA:58,524484
DA:61,0
DA:62,0
DA:64,0
DA:65,0
DA:68,524484
DA:69,524484
DA:70,0
DA:73,524484
DA:76,524484
DA:79,524484
DA:80,524484
DA:82,524484
DA:83,524484
DA:84,524484
DA:91,524484
DA:94,524484
DA:95,524484
DA:99,0
DA:103,0
DA:104,0
DA:105,0
DA:107,0
DA:108,0
DA:111,0
DA:113,0
DA:115,0
DA:119,0
DA:120,0
DA:121,0
DA:124,0
DA:125,0
DA:126,0
DA:130,0
DA:131,0
DA:135,0
DA:137,0
DA:138,0
DA:139,0
DA:140,0
DA:142,0
DA:148,0
DA:151,0
DA:154,0
DA:155,0
DA:157,0
DA:158,0
DA:159,0
DA:162,0
DA:163,0
DA:164,0
DA:167,0
DA:168,0
DA:171,0
DA:172,0
DA:173,0
DA:175,0
DA:179,0
DA:180,0
DA:181,0
DA:186,0
DA:187,0
DA:188,0
DA:192,0
DA:193,0
DA:194,0
DA:197,0
DA:200,0
DA:201,0
DA:204,0
DA:205,0
DA:206,0
DA:209,0
DA:210,0
DA:211,0
DA:212,0
DA:215,0
DA:217,0
DA:219,0
DA:221,0
DA:223,0
DA:225,0
DA:227,0
DA:228,0
DA:231,0
DA:233,0
DA:235,0
DA:237,0
DA:241,0
DA:242,0
DA:244,0
DA:246,0
DA:248,0
DA:250,0
DA:254,0
DA:255,0
DA:280,0
DA:281,0
DA:299,0
DA:300,0
DA:301,0
DA:303,0
DA:307,0
DA:308,0
DA:314,0
DA:315,0
DA:320,0
DA:322,0
DA:323,0
DA:324,0
DA:326,0
DA:328,0
DA:329,0
DA:331,0
DA:334,0
DA:336,0
DA:337,0
DA:376,0
DA:377,0
DA:379,0
DA:380,0
DA:382,0
DA:384,0
DA:385,0
DA:388,0
DA:391,0
DA:394,0
DA:395,0
DA:398,0
DA:400,0
DA:402,0
DA:403,0
DA:407,524484
DA:409,524484
DA:410,524484
DA:411,524484
DA:412,524484
DA:413,524484
DA:414,524484
DA:416,524484
DA:418,524484
DA:421,524484
DA:425,524484
DA:426,524484
DA:430,524484
DA:431,1048968
DA:433,524484
DA:434,0
DA:439,524484
DA:447,0
DA:463,0
DA:464,0
DA:465,0
DA:467,0
DA:470,0
DA:473,0
DA:474,0
DA:477,524484
DA:478,0
DA:481,524484
DA:487,0
DA:490,524484
DA:492,524484
DA:493,0
DA:495,0
DA:498,524484
DA:500,1573452
DA:501,524484
DA:502,524484
DA:504,0
DA:508,0
DA:509,0
DA:512,0
DA:514,0
DA:516,524484
DA:520,524484
DA:521,0
DA:523,0
DA:546,0
DA:547,0
DA:548,0
DA:550,0
DA:554,0
DA:555,0
DA:558,0
DA:560,0
DA:563,0
DA:568,524484
DA:569,0
DA:571,0
DA:573,0
DA:574,0
DA:575,0
DA:577,0
DA:580,0
DA:581,0
DA:585,524484
DA:586,524484
DA:587,0
DA:591,0
DA:592,0
DA:595,0
DA:597,0
DA:599,524484
DA:604,524484
DA:605,0
DA:607,0
DA:608,0
DA:610,0
DA:612,0
DA:613,0
DA:616,0
DA:618,0
DA:619,0
DA:622,0
DA:623,0
DA:624,0
DA:626,0
DA:631,524484
DA:632,524484
DA:633,524484
DA:635,524484
DA:636,524484
DA:638,524484
DA:639,0
DA:641,0
DA:643,524484
DA:644,0
DA:645,0
DA:647,0
DA:648,0
DA:649,524484
DA:652,524484
DA:653,0
DA:654,0
DA:657,524484
DA:658,0
DA:666,0
DA:667,0
DA:670,0
DA:672,0
DA:673,0
DA:676,0
DA:678,0
DA:679,0
DA:682,0
DA:683,0
DA:684,0
DA:686,0
DA:689,524484
DA:691,524484
DA:692,524484
DA:694,524484
DA:695,524484
DA:700,0
DA:703,0
DA:704,0
DA:706,524484
DA:707,0
DA:708,0
DA:711,524484
DA:712,524484
DA:716,524484
DA:718,524484
DA:719,524484
DA:720,524484
DA:726,524484
DA:727,1048968
DA:729,524484
DA:731,524484
DA:732,0
DA:733,0
DA:734,0
DA:736,0
DA:739,0
DA:740,0
DA:742,524484
DA:743,0
DA:744,0
DA:745,0
DA:747,0
DA:750,0
DA:751,0
DA:753,524484
DA:754,0
DA:756,0
DA:757,0
DA:758,0
DA:760,0
DA:763,0
DA:764,0
DA:768,524484
DA:769,0
DA:775,0
DA:776,0
DA:777,0
DA:779,0
DA:782,0
DA:783,0
DA:785,524484
DA:786,0
DA:792,0
DA:793,0
DA:794,0
DA:796,0
DA:799,0
DA:800,0
DA:802,524484
DA:803,0
DA:804,0
DA:805,0
DA:807,0
DA:810,0
DA:811,0
DA:829,524484
DA:830,0
DA:831,0
DA:832,0
DA:834,0
DA:837,0
DA:838,0
DA:856,524484
DA:860,524484
DA:861,0
DA:864,0
DA:865,524484
DA:921,524484
DA:923,0
DA:930,0
DA:932,0
DA:933,0
DA:936,0
DA:937,0
DA:938,0
DA:940,0
DA:945,0
DA:947,0
DA:949,524484
DA:950,0
DA:951,0
DA:978,524484
DA:979,524484
DA:980,0
DA:982,0
DA:984,0
DA:985,0
DA:986,0
DA:988,0
DA:992,0
DA:993,0
DA:999,524484
DA:1000,524484
DA:1001,0
DA:1003,0
DA:1005,0
DA:1006,0
DA:1007,0
DA:1009,0
DA:1013,0
DA:1014,0
DA:1017,524484
DA:1020,524484
DA:1024,0
DA:1026,0
DA:1027,0
DA:1028,0
DA:1030,0
DA:1031,0
DA:1034,0
DA:1035,0
DA:1037,0
DA:1038,0
DA:1040,0
DA:1042,0
DA:1043,0
DA:1044,0
DA:1052,0
DA:1054,0
DA:1055,0
DA:1057,0
DA:1059,0
DA:1061,0
DA:1062,0
DA:1067,0
DA:1068,0
DA:1070,0
DA:1074,0
DA:1075,0
DA:1076,0
DA:1077,0
DA:1079,0
DA:1081,0
DA:1082,0
DA:1084,0
DA:1085,0
DA:1089,0
DA:1090,0
DA:1092,0
DA:1093,0
DA:1097,350911931
DA:1099,350911931
DA:1100,350911931
DA:1101,350911931
DA:1105,350911931
DA:1106,0
DA:1110,0
DA:1113,350911931
DA:1115,350911931
DA:1117,350911931
DA:1118,0
DA:1122,0
DA:1125,350911931
DA:1126,350911931
DA:1128,350911931
DA:1129,0
DA:1130,0
DA:1132,350911931
DA:1133,350911931
DA:1135,350911931
DA:1137,350911931
DA:1138,350911931
DA:1139,350911931
DA:1140,350911931
DA:1142,350911931
DA:1144,350911931
DA:1145,350911931
DA:1147,350911931
DA:1148,350911931
DA:1150,350911931
DA:1151,350911931
DA:1153,350911931
DA:1154,350911931
DA:1156,350911931
DA:1158,350911931
DA:1159,350911931
DA:1163,350911931
DA:1165,350911931
DA:1166,350911931
DA:1167,350911931
DA:1169,350911931
DA:1170,0
DA:1171,0
DA:1172,350911931
DA:1176,350911931
DA:1178,350911931
DA:1179,350911931
DA:1180,350911931
DA:1182,350911931
DA:1183,0
DA:1184,0
DA:1187,350911931
DA:1188,6020
DA:1189,6020
DA:1191,350911931
DA:1192,0
DA:1193,0
DA:1195,350911931
DA:1196,0
DA:1197,0
DA:1199,0
DA:1200,0
DA:1201,0
DA:1202,0
DA:1204,0
DA:1205,0
DA:1206,0
DA:1208,0
DA:1210,350911931
DA:1211,0
DA:1212,0
DA:1214,350911931
DA:1215,0
DA:1216,0
DA:1218,350911931
DA:1219,350911931
DA:1221,350911931
DA:1223,350911931
DA:1225,350911931
DA:1227,350911931
DA:1228,350911931
DA:1230,350911931
DA:1231,350911931
DA:1234,0
DA:1236,0
DA:1238,0
DA:1240,0
DA:1243,0
DA:1244,0
DA:1247,0
DA:1248,0
DA:1251,0
DA:1252,0
DA:1254,0
DA:1255,0
DA:1258,0
DA:1259,0
DA:1260,350911931
DA:1264,701823862
DA:1269,701823862
DA:1270,0
DA:1271,0
DA:1276,0
DA:1278,701823862
DA:1280,701823862
DA:1283,0
DA:1285,0
DA:1290,0
DA:1291,701823862
DA:1295,350911931
DA:1297,350911931
DA:1298,350911931
DA:1299,350911931
DA:1301,350911931
DA:1302,350911931
DA:1304,350911931
DA:1307,0
DA:1308,0
DA:1310,0
DA:1314,0
DA:1316,0
DA:1317,0
DA:1319,0
DA:1320,0
DA:1321,0
DA:1324,0
DA:1325,0
DA:1330,0
DA:1331,0
DA:1332,0
DA:1334,0
DA:1345,0
DA:1346,0
DA:1347,0
DA:1348,350911931
DA:1352,0
DA:1354,0
DA:1355,0
DA:1357,0
DA:1359,0
DA:1363,0
DA:1364,0
DA:1365,0
DA:1366,0
DA:1367,0
DA:1368,0
DA:1372,0
DA:1375,0
DA:1376,0
DA:1377,0
DA:1378,0
DA:1380,0
DA:1381,0
DA:1384,0
DA:1386,0
DA:1387,0
DA:1391,0
DA:1393,0
DA:1394,0
DA:1395,0
DA:1397,0
DA:1402,0
DA:1403,0
DA:1407,0
DA:1408,0
DA:1409,0
DA:1411,0
DA:1413,0
DA:1415,0
DA:1417,0
DA:1418,0
DA:1419,0
DA:1422,0
DA:1423,0
DA:1424,0
DA:1427,0
DA:1429,0
DA:1430,0
DA:1432,0
DA:1433,0
DA:1436,0
DA:1437,0
DA:1439,0
DA:1440,0
DA:1444,17110318
DA:1446,17110318
DA:1448,17110318
DA:1449,0
DA:1454,17110318
DA:1456,51330954
DA:1457,17110318
DA:1458,17110318
DA:1475,17110318
DA:1477,17110318
DA:1480,0
DA:1482,0
DA:1483,17110318
DA:1487,350843778
DA:1489,350843778
DA:1493,350843778
DA:1497,350843778
DA:1499,0
DA:1508,701687556
DA:1509,350843778
DA:1513,350843778
DA:1515,350843778
DA:1516,350843778
DA:1517,350843778
DA:1518,350843778
DA:1519,350843778
DA:1520,350843778
DA:1521,350843778
DA:1523,0
DA:1528,0
DA:1529,0
DA:1532,0
DA:1533,0
DA:1535,0
DA:1536,350843778
DA:1539,350843778
DA:1541,350843778
DA:1542,350843778
LF:643
LH:204
end_of_record
TN:
SF:/home/ufo/personal/research/fuzzing/nginx/src/core/ngx_cpuinfo.c
FN:50,ngx_cpuid
FN:73,ngx_cpuinfo
FNDA:1048968,ngx_cpuid
FNDA:524484,ngx_cpuinfo
FNF:2
FNH:2
DA:50,1048968
DA:52,1048968
DA:54,1048968
DA:58,1048968
DA:60,1048968
DA:61,1048968
DA:62,1048968
DA:63,1048968
DA:64,1048968
DA:73,524484
DA:75,524484
DA:76,524484
DA:78,524484
DA:79,524484
DA:80,524484
DA:81,524484
DA:82,524484
DA:84,524484
DA:86,524484
DA:88,524484
DA:89,0
DA:92,524484
DA:94,524484
DA:96,524484
DA:100,0
DA:101,0
DA:105,524484
DA:107,524484
DA:109,524484
DA:111,524484
DA:112,524484
DA:114,524484
DA:121,0
DA:122,0
DA:125,524484
DA:126,0
DA:127,0
DA:128,524484
LF:38
LH:31
end_of_record
TN:
SF:/home/ufo/personal/research/fuzzing/nginx/src/core/ngx_crc32.c
FN:106,ngx_crc32_table_init
FNDA:524484,ngx_crc32_table_init
FNF:1
FNH:1
DA:106,524484
DA:108,524484
DA:110,1048968
DA:111,524484
DA:112,524484
DA:114,524484
DA:117,0
DA:118,0
DA:119,0
DA:122,0
DA:124,0
DA:126,0
DA:128,0
DA:129,524484
LF:14
LH:7
end_of_record
TN:
SF:/home/ufo/personal/research/fuzzing/nginx/src/core/ngx_crc32.h
FN:21,ngx_crc32_short
FN:39,ngx_crc32_long
FN:58,ngx_crc32_update
FNDA:0,ngx_crc32_update
FNDA:0,ngx_crc32_short
FNDA:0,ngx_crc32_long
FNF:3
FNH:0
DA:21,0
DA:23,0
DA:24,0
DA:26,0
DA:28,0
DA:29,0
DA:30,0
DA:31,0
DA:34,0
DA:35,0
DA:39,0
DA:41,0
DA:43,0
DA:45,0
DA:46,0
DA:49,0
DA:50,0
DA:58,0
DA:60,0
DA:62,0
DA:64,0
DA:65,0
DA:68,0
DA:69,0
LF:24
LH:0
end_of_record
TN:
SF:/home/ufo/personal/research/fuzzing/nginx/src/core/ngx_crypt.c
FN:30,ngx_crypt
FN:52,ngx_crypt_apr1
FN:153,ngx_crypt_to64
FN:168,ngx_crypt_plain
FN:188,ngx_crypt_ssha
FN:240,ngx_crypt_sha
FNDA:0,ngx_crypt_to64
FNDA:0,ngx_crypt_apr1
FNDA:0,ngx_crypt_plain
FNDA:0,ngx_crypt
FNDA:0,ngx_crypt_ssha
FNDA:0,ngx_crypt_sha
FNF:6
FNH:0
DA:30,0
DA:32,0
DA:33,0
DA:35,0
DA:36,0
DA:38,0
DA:39,0
DA:41,0
DA:42,0
DA:47,0
DA:48,0
DA:52,0
DA:54,0
DA:55,0
DA:56,0
DA:57,0
DA:58,0
DA:62,0
DA:66,0
DA:67,0
DA:68,0
DA:69,0
DA:73,0
DA:74,0
DA:75,0
DA:76,0
DA:78,0
DA:79,0
DA:80,0
DA:81,0
DA:82,0
DA:84,0
DA:85,0
DA:86,0
DA:88,0
DA:90,0
DA:91,0
DA:92,0
DA:94,0
DA:95,0
DA:97,0
DA:99,0
DA:101,0
DA:102,0
DA:104,0
DA:105,0
DA:107,0
DA:108,0
DA:111,0
DA:112,0
DA:113,0
DA:115,0
DA:116,0
DA:117,0
DA:119,0
DA:120,0
DA:122,0
DA:123,0
DA:126,0
DA:127,0
DA:131,0
DA:132,0
DA:133,0
DA:136,0
DA:137,0
DA:138,0
DA:140,0
DA:141,0
DA:142,0
DA:143,0
DA:144,0
DA:145,0
DA:146,0
DA:148,0
DA:149,0
DA:153,0
DA:158,0
DA:159,0
DA:160,0
DA:163,0
DA:168,0
DA:170,0
DA:171,0
DA:173,0
DA:175,0
DA:176,0
DA:177,0
DA:180,0
DA:181,0
DA:183,0
DA:184,0
DA:188,0
DA:190,0
DA:191,0
DA:192,0
DA:193,0
DA:199,0
DA:200,0
DA:202,0
DA:204,0
DA:205,0
DA:206,0
DA:209,0
DA:211,0
DA:212,0
DA:213,0
DA:217,0
DA:218,0
DA:219,0
DA:220,0
DA:224,0
DA:226,0
DA:227,0
DA:228,0
DA:231,0
DA:232,0
DA:233,0
DA:235,0
DA:236,0
DA:240,0
DA:242,0
DA:243,0
DA:244,0
DA:245,0
DA:249,0
DA:250,0
DA:252,0
DA:253,0
DA:254,0
DA:256,0
DA:258,0
DA:259,0
DA:260,0
DA:263,0
DA:264,0
DA:265,0
DA:267,0
DA:268,0
LF:138
LH:0
end_of_record
TN:
SF:/home/ufo/personal/research/fuzzing/nginx/src/core/ngx_cycle.c
FN:39,ngx_init_cycle
FN:944,ngx_destroy_cycle_pools
FN:952,ngx_init_zone_pool
FN:1018,ngx_create_pidfile
FN:1066,ngx_delete_pidfile
FN:1083,ngx_signal_process
FN:1137,ngx_test_lockfile
FN:1168,ngx_reopen_files
FN:1292,ngx_shared_memory_add
FN:1366,ngx_clean_old_cycles
FN:1423,ngx_set_shutdown_timer
FN:1441,ngx_shutdown_timer_handler
FNDA:0,ngx_set_shutdown_timer
FNDA:0,ngx_create_pidfile
FNDA:0,ngx_destroy_cycle_pools
FNDA:0,ngx_shutdown_timer_handler
FNDA:0,ngx_delete_pidfile
FNDA:524484,ngx_test_lockfile
FNDA:524484,ngx_init_cycle
FNDA:0,ngx_signal_process
FNDA:0,ngx_shared_memory_add
FNDA:0,ngx_clean_old_cycles
FNDA:0,ngx_init_zone_pool
FNDA:0,ngx_reopen_files
FNF:12
FNH:2
DA:39,524484
DA:41,524484
DA:42,524484
DA:43,524484
DA:44,524484
DA:45,524484
DA:46,524484
DA:47,524484
DA:48,524484
DA:49,524484
DA:50,524484
DA:51,524484
DA:52,524484
DA:53,524484
DA:54,524484
DA:55,524484
DA:57,524484
DA:61,524484
DA:62,524484
DA:64,524484
DA:67,524484
DA:69,524484
DA:70,524484
DA:71,0
DA:73,524484
DA:75,524484
DA:76,524484
DA:77,0
DA:78,0
DA:81,524484
DA:82,524484
DA:83,524484
DA:85,524484
DA:86,524484
DA:87,524484
DA:88,0
DA:89,0
DA:92,524484
DA:93,524484
DA:94,524484
DA:95,0
DA:96,0
DA:99,524484
DA:100,524484
DA:101,524484
DA:102,0
DA:103,0
DA:105,1048968
DA:106,524484
DA:108,524484
DA:109,524484
DA:110,524484
DA:111,0
DA:112,0
DA:114,1048968
DA:115,524484
DA:117,524484
DA:118,524484
DA:119,524484
DA:120,0
DA:121,0
DA:125,524484
DA:127,1048968
DA:128,524484
DA:130,0
DA:131,0
DA:134,524484
DA:137,1048968
DA:138,524484
DA:140,0
DA:141,0
DA:144,524484
DA:147,524484
DA:148,0
DA:149,0
DA:150,0
DA:151,0
DA:153,0
DA:154,524484
DA:157,1048968
DA:158,524484
DA:160,0
DA:161,0
DA:165,524484
DA:166,0
DA:167,0
DA:169,0
DA:170,0
DA:172,0
DA:173,524484
DA:176,1048968
DA:177,524484
DA:179,0
DA:180,0
DA:183,524484
DA:185,1048968
DA:186,524484
DA:188,0
DA:189,0
DA:192,524484
DA:195,524484
DA:198,524484
DA:199,524484
DA:200,0
DA:201,0
DA:205,524484
DA:206,0
DA:207,0
DA:208,0
DA:213,524484
DA:214,524484
DA:216,524484
DA:217,524484
DA:218,0
DA:219,0
DA:222,524484
DA:225,524484
DA:226,0
DA:227,0
DA:231,28846620
DA:232,28322136
DA:233,25699716
DA:236,2622420
DA:238,2622420
DA:239,1048968
DA:240,1048968
DA:241,0
DA:242,0
DA:244,1048968
DA:245,1048968
DA:246,2622420
DA:249,524484
DA:252,524484
DA:254,524484
DA:255,524484
DA:256,0
DA:257,0
DA:260,524484
DA:261,524484
DA:262,0
DA:263,0
DA:267,524484
DA:268,524484
DA:269,524484
DA:270,524484
DA:271,524484
DA:272,524484
DA:278,524484
DA:279,0
DA:280,0
DA:281,0
DA:284,524484
DA:285,0
DA:286,0
DA:287,0
DA:290,524484
DA:291,0
DA:292,0
DA:293,0
DA:295,28846620
DA:296,28322136
DA:297,25699716
DA:300,2622420
DA:302,2622420
DA:303,4720356
DA:304,1573452
DA:305,1573452
DA:307,0
DA:308,0
DA:309,0
DA:311,1573452
DA:312,2622420
DA:314,524484
DA:315,0
DA:318,524484
DA:320,524484
DA:322,0
DA:323,0
DA:326,524484
DA:333,0
DA:335,0
DA:336,0
DA:340,0
DA:341,0
DA:344,0
DA:345,0
DA:346,0
DA:349,524484
DA:350,0
DA:354,524484
DA:355,0
DA:359,524484
DA:360,0
DA:365,524484
DA:366,524484
DA:368,1573452
DA:370,1573452
DA:371,524484
DA:372,524484
DA:374,0
DA:375,0
DA:376,0
DA:377,0
DA:379,1048968
DA:380,1048968
DA:383,0
DA:392,0
DA:393,0
DA:396,0
DA:400,0
DA:401,0
DA:404,0
DA:407,0
DA:409,524484
DA:410,524484
DA:415,524484
DA:416,524484
DA:418,524484
DA:420,524484
DA:421,524484
DA:422,524484
DA:424,0
DA:425,0
DA:426,0
DA:427,0
DA:429,0
DA:430,0
DA:433,0
DA:436,0
DA:438,0
DA:439,0
DA:441,0
DA:443,0
DA:444,0
DA:445,0
DA:447,0
DA:448,0
DA:449,0
DA:450,0
DA:452,0
DA:453,0
DA:456,0
DA:459,0
DA:461,0
DA:464,0
DA:465,0
DA:466,0
DA:468,0
DA:473,0
DA:474,0
DA:476,0
DA:479,0
DA:482,0
DA:485,0
DA:486,0
DA:489,0
DA:490,0
DA:493,0
DA:494,0
DA:499,0
DA:505,524484
DA:506,0
DA:507,0
DA:508,0
DA:509,0
DA:511,0
DA:512,0
DA:514,0
DA:515,0
DA:516,0
DA:519,0
DA:520,0
DA:523,0
DA:524,0
DA:527,0
DA:528,0
DA:529,0
DA:531,0
DA:532,0
DA:533,0
DA:534,0
DA:536,0
DA:537,0
DA:538,0
DA:567,0
DA:568,0
DA:570,0
DA:572,0
DA:573,0
DA:577,0
DA:578,0
DA:579,0
DA:582,0
DA:584,0
DA:586,0
DA:587,0
DA:594,0
DA:595,0
DA:596,0
DA:598,0
DA:599,0
DA:601,0
DA:602,524484
DA:603,1048968
DA:604,524484
DA:611,524484
DA:612,0
DA:613,0
DA:615,524484
DA:618,524484
DA:619,0
DA:622,524484
DA:623,524484
DA:624,524484
DA:629,524484
DA:630,0
DA:631,0
DA:633,524484
DA:635,524484
DA:637,0
DA:645,524484
DA:646,524484
DA:648,524484
DA:650,524484
DA:651,524484
DA:652,524484
DA:654,0
DA:655,0
DA:656,0
DA:657,0
DA:659,0
DA:660,0
DA:662,0
DA:664,0
DA:665,0
DA:666,0
DA:668,0
DA:669,0
DA:670,0
DA:671,0
DA:673,0
DA:674,0
DA:677,0
DA:680,0
DA:682,0
DA:685,0
DA:686,0
DA:687,0
DA:689,0
DA:692,0
DA:695,0
DA:699,0
DA:707,524484
DA:708,524484
DA:710,0
DA:711,0
DA:714,0
DA:715,0
DA:718,0
DA:722,0
DA:723,0
DA:725,0
DA:727,0
DA:730,0
DA:731,0
DA:733,0
DA:734,0
DA:737,0
DA:742,524484
DA:743,524484
DA:745,524484
DA:747,524484
DA:748,524484
DA:749,524484
DA:751,0
DA:752,0
DA:753,0
DA:754,0
DA:756,0
DA:757,0
DA:760,0
DA:761,0
DA:764,0
DA:765,0
DA:767,524484
DA:769,524484
DA:771,524484
DA:772,524484
DA:774,524484
DA:778,0
DA:779,0
DA:780,0
DA:781,0
DA:783,0
DA:786,0
DA:788,0
DA:790,0
DA:792,0
DA:795,0
DA:797,0
DA:798,0
DA:799,0
DA:800,0
DA:801,0
DA:803,0
DA:805,0
DA:806,0
DA:807,0
DA:809,0
DA:811,0
DA:812,0
DA:813,0
DA:814,0
DA:816,0
DA:821,0
DA:822,0
DA:824,0
DA:825,0
DA:826,0
DA:827,0
DA:831,0
DA:832,0
DA:834,0
DA:836,0
DA:837,0
DA:838,0
DA:840,0
DA:841,0
DA:842,0
DA:843,0
DA:845,0
DA:846,0
DA:849,0
DA:850,0
DA:853,0
DA:854,0
DA:858,0
DA:859,0
DA:861,0
DA:863,0
DA:864,0
DA:865,0
DA:867,0
DA:868,0
DA:869,0
DA:870,0
DA:872,0
DA:873,0
DA:876,0
DA:877,0
DA:879,0
DA:881,0
DA:882,0
DA:883,0
DA:885,0
DA:886,0
DA:887,0
DA:888,0
DA:890,0
DA:891,0
DA:894,0
DA:897,0
DA:899,0
DA:902,0
DA:903,0
DA:904,0
DA:906,0
DA:909,0
DA:912,0
DA:916,0
DA:919,0
DA:920,0
DA:921,0
DA:924,0
DA:925,0
DA:926,0
DA:927,0
DA:930,0
DA:931,0
DA:934,0
DA:935,0
DA:937,0
DA:939,0
DA:940,524484
DA:944,0
DA:946,0
DA:947,0
DA:948,0
DA:952,0
DA:954,0
DA:955,0
DA:957,0
DA:959,0
DA:961,0
DA:962,0
DA:981,0
DA:984,0
DA:987,0
DA:988,0
DA:989,0
DA:993,0
DA:1007,0
DA:1008,0
DA:1011,0
DA:1013,0
DA:1014,0
DA:1018,0
DA:1020,0
DA:1021,0
DA:1022,0
DA:1023,0
DA:1024,0
DA:1026,0
DA:1027,0
DA:1030,0
DA:1032,0
DA:1033,0
DA:1035,0
DA:1037,0
DA:1040,0
DA:1041,0
DA:1043,0
DA:1046,0
DA:1048,0
DA:1049,0
DA:1051,0
DA:1052,0
DA:1053,0
DA:1054,0
DA:1056,0
DA:1057,0
DA:1059,0
DA:1061,0
DA:1062,0
DA:1066,0
DA:1068,0
DA:1069,0
DA:1071,0
DA:1073,0
DA:1075,0
DA:1076,0
DA:1078,0
DA:1079,0
DA:1083,0
DA:1085,0
DA:1086,0
DA:1087,0
DA:1088,0
DA:1089,0
DA:1091,0
DA:1093,0
DA:1095,0
DA:1097,0
DA:1098,0
DA:1100,0
DA:1103,0
DA:1104,0
DA:1106,0
DA:1109,0
DA:1111,0
DA:1112,0
DA:1114,0
DA:1116,0
DA:1117,0
DA:1120,0
DA:1122,0
DA:1124,0
DA:1125,0
DA:1128,0
DA:1131,0
DA:1133,0
DA:1137,524484
DA:1163,524484
DA:1168,0
DA:1170,0
DA:1171,0
DA:1172,0
DA:1173,0
DA:1175,0
DA:1176,0
DA:1178,0
DA:1180,0
DA:1181,0
DA:1182,0
DA:1184,0
DA:1185,0
DA:1186,0
DA:1187,0
DA:1189,0
DA:1190,0
DA:1193,0
DA:1194,0
DA:1195,0
DA:1197,0
DA:1204,0
DA:1205,0
DA:1207,0
DA:1211,0
DA:1212,0
DA:1214,0
DA:1215,0
DA:1219,0
DA:1220,0
DA:1223,0
DA:1225,0
DA:1228,0
DA:1229,0
DA:1230,0
DA:1234,0
DA:1235,0
DA:1238,0
DA:1240,0
DA:1242,0
DA:1244,0
DA:1246,0
DA:1248,0
DA:1249,0
DA:1252,0
DA:1253,0
DA:1256,0
DA:1258,0
DA:1260,0
DA:1261,0
DA:1263,0
DA:1264,0
DA:1268,0
DA:1269,0
DA:1272,0
DA:1274,0
DA:1278,0
DA:1279,0
DA:1282,0
DA:1284,0
DA:1285,0
DA:1287,0
DA:1288,0
DA:1292,0
DA:1294,0
DA:1295,0
DA:1296,0
DA:1298,0
DA:1299,0
DA:1301,0
DA:1303,0
DA:1304,0
DA:1305,0
DA:1307,0
DA:1308,0
DA:1309,0
DA:1310,0
DA:1312,0
DA:1313,0
DA:1316,0
DA:1317,0
DA:1319,0
DA:1322,0
DA:1323,0
DA:1326,0
DA:1327,0
DA:1330,0
DA:1331,0
DA:1332,0
DA:1334,0
DA:1335,0
DA:1338,0
DA:1339,0
DA:1342,0
DA:1345,0
DA:1347,0
DA:1348,0
DA:1351,0
DA:1352,0
DA:1353,0
DA:1354,0
DA:1355,0
DA:1356,0
DA:1357,0
DA:1358,0
DA:1359,0
DA:1361,0
DA:1362,0
DA:1366,0
DA:1368,0
DA:1369,0
DA:1370,0
DA:1372,0
DA:1373,0
DA:1377,0
DA:1379,0
DA:1380,0
DA:1382,0
DA:1383,0
DA:1386,0
DA:1388,0
DA:1389,0
DA:1390,0
DA:1394,0
DA:1396,0
DA:1398,0
DA:1399,0
DA:1400,0
DA:1405,0
DA:1406,0
DA:1407,0
DA:1411,0
DA:1412,0
DA:1414,0
DA:1415,0
DA:1416,0
DA:1417,0
DA:1419,0
DA:1423,0
DA:1425,0
DA:1427,0
DA:1429,0
DA:1430,0
DA:1431,0
DA:1432,0
DA:1433,0
DA:1435,0
DA:1436,0
DA:1437,0
DA:1441,0
DA:1443,0
DA:1444,0
DA:1445,0
DA:1447,0
DA:1449,0
DA:1451,0
DA:1453,0
DA:1454,0
DA:1455,0
DA:1456,0
DA:1457,0
DA:1459,0
DA:1465,0
DA:1466,0
DA:1468,0
DA:1469,0
DA:1470,0
LF:740
LH:170
end_of_record
TN:
SF:/home/ufo/personal/research/fuzzing/nginx/src/core/ngx_file.c
FN:21,ngx_get_full_name
FN:59,ngx_test_full_name
FN:109,ngx_write_chain_to_temp_file
FN:141,ngx_create_temp_file
FN:241,ngx_create_hashed_filename
FN:266,ngx_create_path
FN:304,ngx_create_full_path
FN:348,ngx_next_temp_number
FN:361,ngx_conf_set_path_slot
FN:421,ngx_conf_merge_path_value
FN:460,ngx_conf_set_access_slot
FN:526,ngx_add_path
FN:598,ngx_create_paths
FN:660,ngx_ext_rename_file
FN:795,ngx_copy_file
FN:946,ngx_walk_tree
FNDA:0,ngx_create_temp_file
FNDA:0,ngx_create_hashed_filename
FNDA:524484,ngx_create_paths
FNDA:0,ngx_create_path
FNDA:0,ngx_copy_file
FNDA:5244840,ngx_conf_merge_path_value
FNDA:4195872,ngx_test_full_name
FNDA:0,ngx_create_full_path
FNDA:0,ngx_ext_rename_file
FNDA:0,ngx_conf_set_access_slot
FNDA:0,ngx_walk_tree
FNDA:4195872,ngx_get_full_name
FNDA:1048968,ngx_conf_set_path_slot
FNDA:0,ngx_next_temp_number
FNDA:2622420,ngx_add_path
FNDA:0,ngx_write_chain_to_temp_file
FNF:16
FNH:6
DA:21,4195872
DA:23,4195872
DA:24,4195872
DA:25,4195872
DA:27,4195872
DA:29,4195872
DA:30,1048968
DA:33,3146904
DA:43,3146904
DA:44,3146904
DA:45,0
DA:48,3146904
DA:49,3146904
DA:51,3146904
DA:52,3146904
DA:54,3146904
DA:55,4195872
DA:59,4195872
DA:98,4195872
DA:99,1048968
DA:102,3146904
DA:105,4195872
DA:109,0
DA:111,0
DA:113,0
DA:114,0
DA:115,0
DA:117,0
DA:118,0
DA:121,0
DA:122,0
DA:124,0
DA:125,0
DA:136,0
DA:137,0
DA:141,0
DA:144,0
DA:145,0
DA:146,0
DA:147,0
DA:148,0
DA:149,0
DA:150,0
DA:151,0
DA:153,0
DA:154,0
DA:155,0
DA:156,0
DA:158,0
DA:159,0
DA:160,0
DA:161,0
DA:164,0
DA:166,0
DA:167,0
DA:168,0
DA:177,0
DA:179,0
DA:180,0
DA:181,0
DA:183,0
DA:185,0
DA:187,0
DA:188,0
DA:189,0
DA:192,0
DA:193,0
DA:195,0
DA:196,0
DA:197,0
DA:202,0
DA:207,0
DA:209,0
DA:210,0
DA:212,0
DA:213,0
DA:214,0
DA:216,0
DA:219,0
DA:221,0
DA:222,0
DA:223,0
DA:226,0
DA:227,0
DA:230,0
DA:233,0
DA:234,0
DA:237,0
DA:241,0
DA:243,0
DA:244,0
DA:246,0
DA:248,0
DA:250,0
DA:251,0
DA:253,0
DA:254,0
DA:257,0
DA:258,0
DA:259,0
DA:260,0
DA:261,0
DA:262,0
DA:266,0
DA:268,0
DA:269,0
DA:270,0
DA:272,0
DA:274,0
DA:275,0
DA:276,0
DA:279,0
DA:281,0
DA:286,0
DA:287,0
DA:288,0
DA:289,0
DA:292,0
DA:294,0
DA:296,0
DA:297,0
DA:299,0
DA:300,0
DA:304,0
DA:306,0
DA:307,0
DA:309,0
DA:314,0
DA:317,0
DA:318,0
DA:320,0
DA:321,0
DA:324,0
DA:326,0
DA:327,0
DA:329,0
DA:331,0
DA:333,0
DA:336,0
DA:338,0
DA:340,0
DA:341,0
DA:343,0
DA:344,0
DA:348,0
DA:350,0
DA:352,0
DA:354,0
DA:356,0
DA:357,0
DA:361,1048968
DA:363,1048968
DA:365,1048968
DA:366,1048968
DA:367,1048968
DA:368,1048968
DA:370,1048968
DA:372,1048968
DA:373,0
DA:376,1048968
DA:377,1048968
DA:378,0
DA:381,1048968
DA:383,1048968
DA:385,1048968
DA:386,1048968
DA:387,1048968
DA:389,1048968
DA:390,0
DA:393,1048968
DA:394,1048968
DA:396,1048968
DA:397,0
DA:398,0
DA:399,0
DA:402,0
DA:403,0
DA:404,0
DA:406,1048968
DA:407,0
DA:410,1048968
DA:412,1048968
DA:413,0
DA:416,1048968
DA:417,1048968
DA:421,5244840
DA:424,5244840
DA:426,5244840
DA:427,0
DA:430,5244840
DA:431,3671388
DA:432,3671388
DA:435,1573452
DA:436,1573452
DA:437,0
DA:440,1573452
DA:442,1573452
DA:443,0
DA:446,6293808
DA:447,4720356
DA:448,4720356
DA:449,4720356
DA:451,1573452
DA:452,0
DA:455,1573452
DA:456,5244840
DA:460,0
DA:462,0
DA:464,0
DA:465,0
DA:466,0
DA:468,0
DA:470,0
DA:471,0
DA:474,0
DA:476,0
DA:477,0
DA:479,0
DA:481,0
DA:483,0
DA:484,0
DA:485,0
DA:486,0
DA:488,0
DA:489,0
DA:490,0
DA:492,0
DA:493,0
DA:494,0
DA:496,0
DA:497,0
DA:500,0
DA:501,0
DA:503,0
DA:504,0
DA:506,0
DA:507,0
DA:510,0
DA:511,0
DA:513,0
DA:515,0
DA:519,0
DA:521,0
DA:522,0
DA:526,2622420
DA:528,2622420
DA:529,2622420
DA:531,2622420
DA:533,2622420
DA:534,5769324
DA:535,3671388
DA:536,3671388
DA:538,524484
DA:539,0
DA:542,0
DA:543,0
DA:546,524484
DA:547,524484
DA:548,0
DA:549,0
DA:550,0
DA:556,0
DA:559,0
DA:565,0
DA:568,0
DA:571,0
DA:572,0
DA:575,524484
DA:576,524484
DA:578,0
DA:580,524484
DA:582,524484
DA:584,3146904
DA:586,2097936
DA:587,2097936
DA:588,0
DA:591,2097936
DA:593,2097936
DA:594,2622420
DA:598,524484
DA:600,524484
DA:601,524484
DA:602,524484
DA:604,524484
DA:605,2622420
DA:607,2097936
DA:608,2097936
DA:609,2097936
DA:610,0
DA:613,0
DA:615,2097936
DA:617,2097936
DA:618,2097936
DA:623,0
DA:625,0
DA:626,0
DA:628,0
DA:631,0
DA:632,0
DA:633,0
DA:636,0
DA:638,0
DA:640,0
DA:641,0
DA:643,0
DA:645,0
DA:646,0
DA:648,0
DA:650,0
DA:651,0
DA:653,0
DA:655,524484
DA:656,524484
DA:660,0
DA:662,0
DA:663,0
DA:664,0
DA:668,0
DA:669,0
DA:670,0
DA:672,0
DA:673,0
DA:675,0
DA:679,0
DA:680,0
DA:681,0
DA:683,0
DA:684,0
DA:686,0
DA:688,0
DA:689,0
DA:692,0
DA:694,0
DA:696,0
DA:697,0
DA:700,0
DA:702,0
DA:703,0
DA:705,0
DA:706,0
DA:709,0
DA:710,0
DA:713,0
DA:714,0
DA:728,0
DA:730,0
DA:731,0
DA:732,0
DA:733,0
DA:734,0
DA:736,0
DA:737,0
DA:738,0
DA:741,0
DA:742,0
DA:744,0
DA:746,0
DA:747,0
DA:749,0
DA:750,0
DA:753,0
DA:756,0
DA:759,0
DA:763,0
DA:764,0
DA:767,0
DA:768,0
DA:770,0
DA:772,0
DA:773,0
DA:777,0
DA:778,0
DA:779,0
DA:781,0
DA:782,0
DA:784,0
DA:785,0
DA:788,0
DA:790,0
DA:791,0
DA:795,0
DA:797,0
DA:798,0
DA:799,0
DA:800,0
DA:801,0
DA:802,0
DA:803,0
DA:804,0
DA:805,0
DA:807,0
DA:808,0
DA:809,0
DA:811,0
DA:813,0
DA:814,0
DA:816,0
DA:819,0
DA:820,0
DA:821,0
DA:822,0
DA:824,0
DA:825,0
DA:826,0
DA:829,0
DA:832,0
DA:833,0
DA:834,0
DA:837,0
DA:839,0
DA:840,0
DA:841,0
DA:843,0
DA:844,0
DA:845,0
DA:848,0
DA:850,0
DA:851,0
DA:853,0
DA:856,0
DA:858,0
DA:859,0
DA:860,0
DA:862,0
DA:864,0
DA:865,0
DA:867,0
DA:870,0
DA:871,0
DA:874,0
DA:877,0
DA:879,0
DA:880,0
DA:882,0
DA:885,0
DA:886,0
DA:889,0
DA:892,0
DA:895,0
DA:896,0
DA:898,0
DA:901,0
DA:905,0
DA:906,0
DA:907,0
DA:909,0
DA:910,0
DA:912,0
DA:913,0
DA:914,0
DA:916,0
DA:917,0
DA:919,0
DA:920,0
DA:921,0
DA:923,0
DA:924,0
DA:946,0
DA:948,0
DA:949,0
DA:950,0
DA:951,0
DA:952,0
DA:953,0
DA:954,0
DA:956,0
DA:961,0
DA:962,0
DA:964,0
DA:967,0
DA:969,0
DA:970,0
DA:971,0
DA:972,0
DA:975,0
DA:976,0
DA:979,0
DA:981,0
DA:982,0
DA:985,0
DA:987,0
DA:989,0
DA:990,0
DA:992,0
DA:993,0
DA:995,0
DA:996,0
DA:998,0
DA:1001,0
DA:1004,0
DA:1005,0
DA:1010,0
DA:1011,0
DA:1014,0
DA:1015,0
DA:1018,0
DA:1020,0
DA:1022,0
DA:1023,0
DA:1024,0
DA:1026,0
DA:1028,0
DA:1029,0
DA:1030,0
DA:1032,0
DA:1034,0
DA:1035,0
DA:1036,0
DA:1038,0
DA:1043,0
DA:1044,0
DA:1045,0
DA:1047,0
DA:1049,0
DA:1051,0
DA:1056,0
DA:1057,0
DA:1058,0
DA:1059,0
DA:1061,0
DA:1062,0
DA:1065,0
DA:1070,0
DA:1071,0
DA:1073,0
DA:1075,0
DA:1076,0
DA:1079,0
DA:1082,0
DA:1085,0
DA:1086,0
DA:1089,0
DA:1090,0
DA:1092,0
DA:1093,0
DA:1096,0
DA:1101,0
DA:1102,0
DA:1109,0
DA:1113,0
DA:1114,0
DA:1115,0
DA:1117,0
DA:1118,0
DA:1119,0
DA:1120,0
DA:1122,0
DA:1123,0
DA:1125,0
DA:1127,0
DA:1128,0
LF:551
LH:97
end_of_record
TN:
SF:/home/ufo/personal/research/fuzzing/nginx/src/core/ngx_hash.c
FN:13,ngx_hash_find
FN:53,ngx_hash_find_wc_head
FN:147,ngx_hash_find_wc_tail
FN:211,ngx_hash_find_combined
FN:252,ngx_hash_init
FN:490,ngx_hash_wildcard_init
FN:635,ngx_hash_key
FN:650,ngx_hash_key_lc
FN:665,ngx_hash_strlow
FN:683,ngx_hash_keys_array_init
FN:738,ngx_hash_add_key
FNDA:0,ngx_hash_find_wc_head
FNDA:55070820,ngx_hash_key_lc
FNDA:275803704,ngx_hash_key
FNDA:7867260,ngx_hash_init
FNDA:0,ngx_hash_find_wc_tail
FNDA:57168756,ngx_hash_add_key
FNDA:0,ngx_hash_wildcard_init
FNDA:0,ngx_hash_strlow
FNDA:1048968,ngx_hash_keys_array_init
FNDA:0,ngx_hash_find_combined
FNDA:214439076,ngx_hash_find
FNF:11
FNH:6
DA:13,214439076
DA:15,214439076
DA:16,214439076
DA:22,214439076
DA:24,214439076
DA:25,89032271
DA:28,242652290
DA:29,153026980
DA:30,117245108
DA:33,317161945
DA:34,281380450
DA:35,377
DA:37,281380073
DA:39,35781495
DA:43,117245485
DA:45,117245485
DA:48,89625310
DA:49,214439076
DA:53,0
DA:55,0
DA:56,0
DA:62,0
DA:64,0
DA:65,0
DA:66,0
DA:69,0
DA:72,0
DA:74,0
DA:75,0
DA:76,0
DA:82,0
DA:88,0
DA:101,0
DA:103,0
DA:107,0
DA:108,0
DA:111,0
DA:112,0
DA:113,0
DA:116,0
DA:118,0
DA:120,0
DA:121,0
DA:124,0
DA:127,0
DA:129,0
DA:133,0
DA:136,0
DA:139,0
DA:142,0
DA:143,0
DA:147,0
DA:149,0
DA:150,0
DA:156,0
DA:158,0
DA:159,0
DA:160,0
DA:163,0
DA:164,0
DA:166,0
DA:167,0
DA:174,0
DA:180,0
DA:188,0
DA:190,0
DA:192,0
DA:194,0
DA:196,0
DA:197,0
DA:200,0
DA:203,0
DA:206,0
DA:207,0
DA:211,0
DA:214,0
DA:216,0
DA:217,0
DA:219,0
DA:220,0
DA:222,0
DA:224,0
DA:225,0
DA:228,0
DA:229,0
DA:231,0
DA:232,0
DA:234,0
DA:236,0
DA:237,0
DA:239,0
DA:240,0
DA:242,0
DA:244,0
DA:245,0
DA:252,7867260
DA:254,7867260
DA:255,7867260
DA:256,7867260
DA:257,7867260
DA:258,7867260
DA:260,7867260
DA:261,0
DA:265,0
DA:268,7867260
DA:269,0
DA:273,0
DA:276,124302708
DA:277,116435448
DA:278,5769324
DA:281,110666124
DA:283,0
DA:287,0
DA:289,110666124
DA:291,7867260
DA:292,7867260
DA:293,0
DA:296,7867260
DA:298,7867260
DA:299,7867260
DA:301,7867260
DA:302,0
DA:303,0
DA:305,170457300
DA:307,170457300
DA:309,3521910060
DA:310,3514042800
DA:311,5769324
DA:314,3508273476
DA:315,3508273476
DA:323,3508273476
DA:324,162590040
DA:327,3345683436
DA:328,3345683436
DA:330,7867260
DA:334,162590040
DA:337,0
DA:339,0
DA:348,208220148
DA:349,200352888
DA:350,200352888
DA:352,124302708
DA:353,116435448
DA:354,5769324
DA:357,110666124
DA:358,110666124
DA:360,110666124
DA:361,0
DA:365,0
DA:366,0
DA:369,110666124
DA:370,110666124
DA:372,7867260
DA:374,208220148
DA:375,200352888
DA:376,113288544
DA:379,87064344
DA:381,87064344
DA:382,87064344
DA:384,7867260
DA:385,0
DA:386,0
DA:387,0
DA:388,0
DA:389,0
DA:392,0
DA:393,0
DA:395,0
DA:396,7867260
DA:397,7867260
DA:398,0
DA:399,0
DA:403,7867260
DA:404,7867260
DA:405,0
DA:406,0
DA:409,7867260
DA:411,208220148
DA:412,200352888
DA:413,113288544
DA:416,87064344
DA:417,87064344
DA:418,87064344
DA:420,208220148
DA:421,200352888
DA:422,200352888
DA:424,124302708
DA:425,116435448
DA:426,5769324
DA:429,110666124
DA:430,110666124
DA:432,110666124
DA:433,110666124
DA:435,110666124
DA:437,110666124
DA:438,110666124
DA:440,208220148
DA:441,200352888
DA:442,113288544
DA:445,87064344
DA:447,87064344
DA:448,87064344
DA:450,7867260
DA:452,7867260
DA:453,7867260
DA:485,7867260
DA:486,7867260
DA:490,0
DA:493,0
DA:494,0
DA:495,0
DA:496,0
DA:497,0
DA:498,0
DA:500,0
DA:502,0
DA:504,0
DA:507,0
DA:509,0
DA:511,0
DA:514,0
DA:521,0
DA:523,0
DA:524,0
DA:525,0
DA:526,0
DA:528,0
DA:530,0
DA:531,0
DA:532,0
DA:535,0
DA:536,0
DA:537,0
DA:538,0
DA:545,0
DA:547,0
DA:548,0
DA:549,0
DA:551,0
DA:553,0
DA:554,0
DA:555,0
DA:556,0
DA:559,0
DA:560,0
DA:561,0
DA:562,0
DA:568,0
DA:570,0
DA:571,0
DA:572,0
DA:575,0
DA:576,0
DA:577,0
DA:579,0
DA:582,0
DA:583,0
DA:584,0
DA:587,0
DA:588,0
DA:589,0
DA:590,0
DA:596,0
DA:598,0
DA:600,0
DA:601,0
DA:603,0
DA:604,0
DA:605,0
DA:607,0
DA:610,0
DA:612,0
DA:613,0
DA:614,0
DA:616,0
DA:618,0
DA:619,0
DA:620,0
DA:621,0
DA:623,0
DA:624,0
DA:625,0
DA:627,0
DA:630,0
DA:631,0
DA:635,275803704
DA:637,275803704
DA:639,275803704
DA:641,3740794542
DA:642,3464990838
DA:643,3464990838
DA:645,551607408
DA:646,275803704
DA:650,55070820
DA:652,55070820
DA:654,55070820
DA:656,670815036
DA:657,615744216
DA:658,615744216
DA:660,110141640
DA:661,55070820
DA:665,0
DA:667,0
DA:669,0
DA:671,0
DA:672,0
DA:673,0
DA:674,0
DA:675,0
DA:678,0
DA:679,0
DA:683,1048968
DA:685,1048968
DA:687,1048968
DA:688,1048968
DA:689,1048968
DA:691,1048968
DA:692,0
DA:693,0
DA:696,2097936
DA:697,1048968
DA:699,0
DA:702,2097936
DA:704,1048968
DA:706,0
DA:709,2097936
DA:711,1048968
DA:713,0
DA:716,1048968
DA:717,1048968
DA:718,0
DA:721,2097936
DA:722,1048968
DA:723,1048968
DA:724,0
DA:727,2097936
DA:728,1048968
DA:729,1048968
DA:730,0
DA:733,1048968
DA:734,1048968
DA:738,57168756
DA:741,57168756
DA:742,57168756
DA:743,57168756
DA:744,57168756
DA:745,57168756
DA:746,57168756
DA:748,57168756
DA:750,57168756
DA:757,0
DA:759,0
DA:761,0
DA:762,0
DA:763,0
DA:765,0
DA:767,0
DA:768,0
DA:771,0
DA:772,0
DA:774,0
DA:776,0
DA:777,0
DA:778,0
DA:781,0
DA:783,0
DA:784,0
DA:785,0
DA:788,0
DA:789,0
DA:790,0
DA:791,0
DA:793,0
DA:795,0
DA:796,0
DA:798,0
DA:802,57168756
DA:804,817146072
DA:805,759977316
DA:806,734802084
DA:807,734802084
DA:808,759977316
DA:809,759977316
DA:811,57168756
DA:815,57168756
DA:817,57168756
DA:818,41434236
DA:819,24126264
DA:820,23601780
DA:823,524484
DA:824,0
DA:826,524484
DA:828,17307972
DA:829,79721568
DA:831,39860784
DA:833,0
DA:837,57168756
DA:838,57168756
DA:839,0
DA:842,57168756
DA:844,57168756
DA:845,57168756
DA:846,0
DA:849,57168756
DA:850,57168756
DA:851,57168756
DA:853,57168756
DA:860,0
DA:862,0
DA:864,0
DA:868,0
DA:870,0
DA:871,0
DA:873,0
DA:874,0
DA:875,0
DA:878,0
DA:879,0
DA:881,0
DA:883,0
DA:884,0
DA:886,0
DA:888,0
DA:892,0
DA:893,0
DA:894,0
DA:897,0
DA:898,0
DA:899,0
DA:900,0
DA:903,0
DA:904,0
DA:907,0
DA:914,0
DA:915,0
DA:916,0
DA:919,0
DA:920,0
DA:922,0
DA:923,0
DA:924,0
DA:925,0
DA:926,0
DA:927,0
DA:928,0
DA:931,0
DA:932,0
DA:934,0
DA:935,0
DA:936,0
DA:937,0
DA:939,0
DA:941,0
DA:942,0
DA:944,0
DA:948,0
DA:950,0
DA:951,0
DA:952,0
DA:955,0
DA:957,0
DA:958,0
DA:964,0
DA:966,0
DA:967,0
DA:969,0
DA:970,0
DA:971,0
DA:974,0
DA:975,0
DA:977,0
DA:979,0
DA:980,0
DA:982,0
DA:986,0
DA:987,0
DA:988,0
DA:991,0
DA:992,0
DA:993,0
DA:994,0
DA:997,0
DA:1002,0
DA:1003,0
DA:1004,0
DA:1007,0
DA:1008,0
DA:1009,0
DA:1010,0
DA:1012,0
DA:1013,57168756
LF:491
LH:179
end_of_record
TN:
SF:/home/ufo/personal/research/fuzzing/nginx/src/core/ngx_inet.c
FN:20,ngx_inet_addr
FN:65,ngx_inet6_addr
FN:183,ngx_sock_ntop
FN:266,ngx_inet_ntop
FN:296,ngx_inet6_ntop
FN:375,ngx_ptocidr
FN:475,ngx_cidr_match
FN:562,ngx_parse_addr
FN:622,ngx_parse_addr_port
FN:684,ngx_parse_url
FN:705,ngx_parse_unix_domain_url
FN:783,ngx_parse_inet_url
FN:989,ngx_parse_inet6_url
FN:1117,ngx_inet_resolve_host
FN:1263,ngx_inet_add_addr
FN:1324,ngx_cmp_sockaddr
FN:1404,ngx_inet_get_port
FN:1432,ngx_inet_set_port
FN:1462,ngx_inet_wildcard
FNDA:5244840,ngx_inet_add_addr
FNDA:0,ngx_inet6_ntop
FNDA:0,ngx_cidr_match
FNDA:0,ngx_parse_inet6_url
FNDA:0,ngx_inet6_addr
FNDA:5769324,ngx_inet_addr
FNDA:0,ngx_inet_resolve_host
FNDA:0,ngx_parse_addr
FNDA:524484,ngx_parse_unix_domain_url
FNDA:0,ngx_parse_addr_port
FNDA:5769324,ngx_sock_ntop
FNDA:5769324,ngx_parse_inet_url
FNDA:524484,ngx_inet_get_port
FNDA:0,ngx_inet_ntop
FNDA:6293808,ngx_parse_url
FNDA:5244840,ngx_inet_set_port
FNDA:524484,ngx_inet_wildcard
FNDA:0,ngx_ptocidr
FNDA:0,ngx_cmp_sockaddr
FNF:19
FNH:9
DA:20,5769324
DA:22,5769324
DA:23,5769324
DA:24,5769324
DA:26,5769324
DA:27,5769324
DA:28,5769324
DA:30,52972884
DA:31,47728044
DA:33,47728044
DA:34,31469040
DA:36,31469040
DA:37,0
DA:40,31469040
DA:43,16259004
DA:44,15734520
DA:45,15734520
DA:46,15734520
DA:47,15734520
DA:50,524484
DA:53,5244840
DA:54,5244840
DA:55,5244840
DA:58,0
DA:59,5769324
DA:65,0
DA:67,0
DA:68,0
DA:69,0
DA:71,0
DA:72,0
DA:75,0
DA:76,0
DA:77,0
DA:78,0
DA:79,0
DA:80,0
DA:82,0
DA:83,0
DA:84,0
DA:85,0
DA:87,0
DA:88,0
DA:90,0
DA:91,0
DA:92,0
DA:93,0
DA:94,0
DA:95,0
DA:97,0
DA:98,0
DA:99,0
DA:100,0
DA:103,0
DA:104,0
DA:105,0
DA:106,0
DA:107,0
DA:108,0
DA:112,0
DA:115,0
DA:116,0
DA:117,0
DA:120,0
DA:121,0
DA:122,0
DA:125,0
DA:126,0
DA:127,0
DA:128,0
DA:129,0
DA:132,0
DA:133,0
DA:136,0
DA:137,0
DA:138,0
DA:141,0
DA:143,0
DA:144,0
DA:145,0
DA:148,0
DA:151,0
DA:152,0
DA:155,0
DA:156,0
DA:158,0
DA:159,0
DA:160,0
DA:161,0
DA:162,0
DA:163,0
DA:164,0
DA:166,0
DA:167,0
DA:170,0
DA:171,0
DA:172,0
DA:176,0
DA:177,0
DA:183,5769324
DA:186,5769324
DA:188,5769324
DA:190,5769324
DA:192,5769324
DA:195,5769324
DA:198,5769324
DA:202,5244840
DA:203,5244840
DA:205,5244840
DA:206,10489680
DA:207,5244840
DA:208,5244840
DA:209,0
DA:210,0
DA:213,5244840
DA:219,0
DA:221,0
DA:223,0
DA:224,0
DA:225,0
DA:227,0
DA:229,0
DA:230,0
DA:231,0
DA:232,0
DA:234,0
DA:240,524484
DA:244,524484
DA:245,0
DA:247,0
DA:248,1048968
DA:249,524484
DA:250,524484
DA:255,524484
DA:260,0
DA:262,5769324
DA:266,0
DA:268,0
DA:270,0
DA:274,0
DA:276,0
DA:277,0
DA:278,0
DA:283,0
DA:288,0
DA:290,0
DA:296,0
DA:298,0
DA:299,0
DA:300,0
DA:302,0
DA:303,0
DA:306,0
DA:307,0
DA:308,0
DA:309,0
DA:311,0
DA:313,0
DA:315,0
DA:316,0
DA:317,0
DA:318,0
DA:320,0
DA:321,0
DA:324,0
DA:325,0
DA:326,0
DA:327,0
DA:329,0
DA:330,0
DA:331,0
DA:332,0
DA:334,0
DA:335,0
DA:337,0
DA:339,0
DA:340,0
DA:341,0
DA:343,0
DA:344,0
DA:346,0
DA:347,0
DA:349,0
DA:351,0
DA:352,0
DA:353,0
DA:354,0
DA:357,0
DA:359,0
DA:360,0
DA:361,0
DA:362,0
DA:364,0
DA:365,0
DA:366,0
DA:368,0
DA:369,0
DA:375,0
DA:377,0
DA:378,0
DA:379,0
DA:381,0
DA:382,0
DA:385,0
DA:386,0
DA:388,0
DA:389,0
DA:391,0
DA:393,0
DA:394,0
DA:396,0
DA:397,0
DA:398,0
DA:402,0
DA:403,0
DA:405,0
DA:406,0
DA:407,0
DA:411,0
DA:412,0
DA:415,0
DA:417,0
DA:418,0
DA:419,0
DA:422,0
DA:426,0
DA:427,0
DA:430,0
DA:431,0
DA:432,0
DA:434,0
DA:436,0
DA:437,0
DA:439,0
DA:441,0
DA:442,0
DA:443,0
DA:444,0
DA:445,0
DA:447,0
DA:451,0
DA:452,0
DA:455,0
DA:456,0
DA:458,0
DA:460,0
DA:463,0
DA:464,0
DA:467,0
DA:469,0
DA:471,0
DA:475,0
DA:478,0
DA:480,0
DA:481,0
DA:482,0
DA:484,0
DA:485,0
DA:489,0
DA:491,0
DA:495,0
DA:497,0
DA:498,0
DA:499,0
DA:502,0
DA:503,0
DA:505,0
DA:506,0
DA:508,0
DA:510,0
DA:511,0
DA:512,0
DA:513,0
DA:515,0
DA:516,0
DA:517,0
DA:520,0
DA:521,0
DA:522,0
DA:525,0
DA:529,0
DA:530,0
DA:531,0
DA:533,0
DA:535,0
DA:536,0
DA:541,0
DA:545,0
DA:546,0
DA:548,0
DA:551,0
DA:554,0
DA:557,0
DA:558,0
DA:562,0
DA:564,0
DA:565,0
DA:566,0
DA:568,0
DA:569,0
DA:575,0
DA:578,0
DA:580,0
DA:581,0
DA:582,0
DA:585,0
DA:586,0
DA:587,0
DA:590,0
DA:591,0
DA:594,0
DA:595,0
DA:596,0
DA:599,0
DA:600,0
DA:602,0
DA:606,0
DA:607,0
DA:608,0
DA:612,0
DA:613,0
DA:614,0
DA:617,0
DA:618,0
DA:622,0
DA:625,0
DA:626,0
DA:627,0
DA:629,0
DA:631,0
DA:632,0
DA:635,0
DA:638,0
DA:640,0
DA:642,0
DA:643,0
DA:646,0
DA:647,0
DA:649,0
DA:653,0
DA:655,0
DA:656,0
DA:660,0
DA:661,0
DA:663,0
DA:665,0
DA:666,0
DA:669,0
DA:671,0
DA:673,0
DA:674,0
DA:677,0
DA:679,0
DA:680,0
DA:684,6293808
DA:686,6293808
DA:687,6293808
DA:689,6293808
DA:690,6293808
DA:692,6293808
DA:693,524484
DA:696,5769324
DA:697,0
DA:700,5769324
DA:701,6293808
DA:705,524484
DA:708,524484
DA:709,524484
DA:710,524484
DA:712,524484
DA:713,524484
DA:715,524484
DA:716,524484
DA:718,524484
DA:720,0
DA:721,0
DA:723,0
DA:724,0
DA:725,0
DA:726,0
DA:727,0
DA:728,0
DA:729,0
DA:731,524484
DA:732,0
DA:733,0
DA:736,524484
DA:737,524484
DA:739,524484
DA:740,0
DA:741,0
DA:744,524484
DA:745,524484
DA:746,524484
DA:747,524484
DA:749,524484
DA:750,524484
DA:751,0
DA:754,524484
DA:755,524484
DA:756,0
DA:759,524484
DA:760,524484
DA:762,524484
DA:763,524484
DA:765,524484
DA:766,524484
DA:767,524484
DA:768,524484
DA:770,524484
DA:779,524484
DA:783,5769324
DA:785,5769324
DA:786,5769324
DA:787,5769324
DA:788,5769324
DA:790,5769324
DA:791,5769324
DA:792,5769324
DA:794,5769324
DA:796,5769324
DA:798,5769324
DA:800,5769324
DA:802,5769324
DA:804,5769324
DA:806,5769324
DA:807,0
DA:808,0
DA:809,0
DA:810,0
DA:812,5769324
DA:813,0
DA:814,0
DA:815,0
DA:818,0
DA:819,0
DA:821,0
DA:823,0
DA:824,0
DA:825,0
DA:826,0
DA:828,5769324
DA:829,5244840
DA:831,5244840
DA:833,5244840
DA:834,0
DA:836,0
DA:837,0
DA:839,0
DA:841,0
DA:842,0
DA:843,0
DA:846,0
DA:848,0
DA:849,0
DA:850,0
DA:852,5244840
DA:854,5244840
DA:855,0
DA:856,0
DA:859,5244840
DA:860,0
DA:861,0
DA:864,5244840
DA:865,5244840
DA:867,5244840
DA:868,5244840
DA:870,5244840
DA:872,5244840
DA:873,1048968
DA:875,524484
DA:879,0
DA:881,0
DA:883,0
DA:884,0
DA:886,0
DA:888,0
DA:889,0
DA:892,0
DA:893,0
DA:895,0
DA:896,0
DA:899,0
DA:900,0
DA:902,0
DA:904,0
DA:906,0
DA:907,0
DA:910,0
DA:911,0
DA:912,0
DA:915,0
DA:916,0
DA:917,0
DA:920,0
DA:921,0
DA:922,0
DA:924,0
DA:925,0
DA:927,0
DA:929,0
DA:930,0
DA:932,0
DA:933,524484
DA:937,524484
DA:938,524484
DA:939,524484
DA:940,524484
DA:941,524484
DA:944,5769324
DA:946,5769324
DA:947,0
DA:948,0
DA:951,5769324
DA:952,5769324
DA:954,5769324
DA:955,0
DA:956,0
DA:957,0
DA:960,5769324
DA:962,5769324
DA:964,5244840
DA:965,0
DA:966,0
DA:968,5244840
DA:971,524484
DA:972,524484
DA:975,0
DA:976,0
DA:979,0
DA:980,0
DA:981,0
DA:982,0
DA:984,0
DA:985,5769324
DA:989,0
DA:992,0
DA:993,0
DA:994,0
DA:995,0
DA:997,0
DA:998,0
DA:999,0
DA:1001,0
DA:1003,0
DA:1005,0
DA:1007,0
DA:1008,0
DA:1009,0
DA:1012,0
DA:1014,0
DA:1016,0
DA:1017,0
DA:1018,0
DA:1019,0
DA:1022,0
DA:1023,0
DA:1025,0
DA:1026,0
DA:1028,0
DA:1029,0
DA:1030,0
DA:1031,0
DA:1034,0
DA:1036,0
DA:1038,0
DA:1039,0
DA:1041,0
DA:1042,0
DA:1044,0
DA:1046,0
DA:1047,0
DA:1048,0
DA:1051,0
DA:1053,0
DA:1054,0
DA:1055,0
DA:1057,0
DA:1059,0
DA:1060,0
DA:1061,0
DA:1064,0
DA:1065,0
DA:1066,0
DA:1069,0
DA:1070,0
DA:1072,0
DA:1073,0
DA:1075,0
DA:1076,0
DA:1077,0
DA:1078,0
DA:1081,0
DA:1083,0
DA:1084,0
DA:1085,0
DA:1088,0
DA:1089,0
DA:1091,0
DA:1092,0
DA:1093,0
DA:1096,0
DA:1097,0
DA:1098,0
DA:1100,0
DA:1102,0
DA:1111,0
DA:1117,0
DA:1119,0
DA:1120,0
DA:1121,0
DA:1123,0
DA:1124,0
DA:1125,0
DA:1128,0
DA:1130,0
DA:1131,0
DA:1132,0
DA:1134,0
DA:1137,0
DA:1138,0
DA:1139,0
DA:1140,0
DA:1143,0
DA:1145,0
DA:1147,0
DA:1151,0
DA:1154,0
DA:1157,0
DA:1158,0
DA:1160,0
DA:1161,0
DA:1162,0
DA:1167,0
DA:1169,0
DA:1173,0
DA:1176,0
DA:1179,0
DA:1180,0
DA:1182,0
DA:1184,0
DA:1186,0
DA:1187,0
DA:1191,0
DA:1192,0
DA:1193,0
DA:1263,5244840
DA:1266,5244840
DA:1267,5244840
DA:1268,5244840
DA:1269,5244840
DA:1270,5244840
DA:1272,5244840
DA:1274,5244840
DA:1275,5244840
DA:1276,5244840
DA:1277,0
DA:1279,5244840
DA:1281,10489680
DA:1282,5244840
DA:1283,5244840
DA:1284,0
DA:1287,5244840
DA:1289,5244840
DA:1291,5244840
DA:1295,0
DA:1296,0
DA:1300,5244840
DA:1301,5244840
DA:1303,5244840
DA:1304,5244840
DA:1305,0
DA:1308,5244840
DA:1310,5244840
DA:1312,5244840
DA:1313,5244840
DA:1315,5244840
DA:1316,5244840
DA:1317,5244840
DA:1319,5244840
DA:1320,5244840
DA:1324,0
DA:1327,0
DA:1329,0
DA:1332,0
DA:1333,0
DA:1336,0
DA:1337,0
DA:1340,0
DA:1345,0
DA:1346,0
DA:1348,0
DA:1349,0
DA:1352,0
DA:1353,0
DA:1356,0
DA:1362,0
DA:1363,0
DA:1365,0
DA:1366,0
DA:1368,0
DA:1369,0
DA:1372,0
DA:1373,0
DA:1374,0
DA:1376,0
DA:1377,0
DA:1380,0
DA:1385,0
DA:1386,0
DA:1388,0
DA:1389,0
DA:1392,0
DA:1393,0
DA:1396,0
DA:1399,0
DA:1400,0
DA:1404,524484
DA:1406,524484
DA:1408,524484
DA:1411,524484
DA:1415,0
DA:1416,0
DA:1421,524484
DA:1425,0
DA:1426,0
DA:1428,524484
DA:1432,5244840
DA:1434,5244840
DA:1436,5244840
DA:1439,5244840
DA:1443,0
DA:1444,0
DA:1445,0
DA:1450,0
DA:1454,5244840
DA:1455,5244840
DA:1456,5244840
DA:1458,5244840
DA:1462,524484
DA:1464,524484
DA:1466,524484
DA:1469,524484
DA:1472,0
DA:1474,0
DA:1475,0
DA:1478,0
DA:1483,0
DA:1485,0
DA:1486,0
DA:1489,0
DA:1494,524484
DA:1495,524484
LF:753
LH:184
end_of_record
TN:
SF:/home/ufo/personal/research/fuzzing/nginx/src/core/ngx_list.c
FN:13,ngx_list_create
FN:31,ngx_list_push
FNDA:524484,ngx_list_create
FNDA:284387927,ngx_list_push
FNF:2
FNH:2
DA:13,524484
DA:15,524484
DA:17,524484
DA:18,524484
DA:19,0
DA:22,524484
DA:23,0
DA:26,524484
DA:27,524484
DA:31,284387927
DA:33,284387927
DA:34,284387927
DA:36,284387927
DA:38,284387927
DA:42,0
DA:43,0
DA:44,0
DA:47,0
DA:48,0
DA:49,0
DA:52,0
DA:53,0
DA:55,0
DA:56,0
DA:57,0
DA:59,284387927
DA:60,284387927
DA:62,284387927
DA:63,284387927
LF:29
LH:16
end_of_record
TN:
SF:/home/ufo/personal/research/fuzzing/nginx/src/core/ngx_list.h
FN:37,ngx_list_init
FNDA:1054291185,ngx_list_init
FNF:1
FNH:1
DA:37,1054291185
DA:39,1054291185
DA:40,1054291185
DA:41,0
DA:44,1054291185
DA:45,1054291185
DA:46,1054291185
DA:47,1054291185
DA:48,1054291185
DA:49,1054291185
DA:51,1054291185
DA:52,1054291185
LF:12
LH:11
end_of_record
TN:
SF:/home/ufo/personal/research/fuzzing/nginx/src/core/ngx_log.c
FN:96,ngx_log_error_core
FN:243,ngx_log_abort
FN:259,ngx_log_stderr
FN:288,ngx_log_errno
FN:318,ngx_log_init
FN:402,ngx_log_open_default
FN:439,ngx_log_redirect_stderr
FN:464,ngx_log_get_file_log
FN:479,ngx_log_set_levels
FN:542,ngx_error_log
FN:553,ngx_log_set_log
FN:677,ngx_log_insert
FNDA:0,ngx_log_stderr
FNDA:0,ngx_log_abort
FNDA:0,ngx_log_error_core
FNDA:0,ngx_log_init
FNDA:524484,ngx_log_open_default
FNDA:524484,ngx_error_log
FNDA:0,ngx_log_errno
FNDA:524484,ngx_log_get_file_log
FNDA:1048968,ngx_log_set_log
FNDA:0,ngx_log_redirect_stderr
FNDA:1048968,ngx_log_set_levels
FNDA:0,ngx_log_insert
FNF:12
FNH:5
DA:96,0
DA:108,0
DA:110,0
DA:111,0
DA:112,0
DA:113,0
DA:115,0
DA:117,0
DA:120,0
DA:123,0
DA:124,0
DA:126,0
DA:127,0
DA:128,0
DA:130,0
DA:134,0
DA:135,0
DA:136,0
DA:144,0
DA:145,0
DA:146,0
DA:148,0
DA:149,0
DA:150,0
DA:152,0
DA:153,0
DA:154,0
DA:156,0
DA:158,0
DA:159,0
DA:161,0
DA:163,0
DA:164,0
DA:167,0
DA:168,0
DA:169,0
DA:172,0
DA:180,0
DA:183,0
DA:185,0
DA:186,0
DA:187,0
DA:189,0
DA:190,0
DA:191,0
DA:195,0
DA:198,0
DA:199,0
DA:200,0
DA:202,0
DA:205,0
DA:207,0
DA:209,0
DA:210,0
DA:243,0
DA:245,0
DA:246,0
DA:247,0
DA:249,0
DA:250,0
DA:251,0
DA:253,0
DA:255,0
DA:259,0
DA:261,0
DA:262,0
DA:263,0
DA:265,0
DA:267,0
DA:269,0
DA:270,0
DA:271,0
DA:273,0
DA:274,0
DA:275,0
DA:277,0
DA:278,0
DA:279,0
DA:281,0
DA:283,0
DA:284,0
DA:288,0
DA:290,0
DA:294,0
DA:295,0
DA:296,0
DA:297,0
DA:298,0
DA:304,0
DA:307,0
DA:309,0
DA:310,0
DA:311,0
DA:313,0
DA:318,0
DA:320,0
DA:321,0
DA:323,0
DA:324,0
DA:326,0
DA:327,0
DA:328,0
DA:330,0
DA:331,0
DA:333,0
DA:334,0
DA:335,0
DA:338,0
DA:343,0
DA:346,0
DA:347,0
DA:349,0
DA:351,0
DA:352,0
DA:358,0
DA:359,0
DA:360,0
DA:361,0
DA:364,0
DA:366,0
DA:367,0
DA:368,0
DA:370,0
DA:372,0
DA:373,0
DA:374,0
DA:376,0
DA:380,0
DA:381,0
DA:383,0
DA:390,0
DA:391,0
DA:393,0
DA:394,0
DA:395,0
DA:397,0
DA:398,0
DA:402,524484
DA:404,524484
DA:406,524484
DA:407,524484
DA:410,0
DA:413,0
DA:414,0
DA:415,0
DA:418,0
DA:420,0
DA:423,0
DA:425,0
DA:426,0
DA:427,0
DA:430,0
DA:431,0
DA:432,0
DA:434,0
DA:435,524484
DA:439,0
DA:441,0
DA:443,0
DA:444,0
DA:448,0
DA:450,0
DA:451,0
DA:452,0
DA:455,0
DA:457,0
DA:459,0
DA:460,0
DA:464,524484
DA:466,524484
DA:468,524484
DA:469,524484
DA:470,524484
DA:472,0
DA:474,0
DA:475,524484
DA:479,1048968
DA:481,1048968
DA:482,1048968
DA:484,1048968
DA:485,0
DA:486,0
DA:489,1048968
DA:491,2097936
DA:492,1048968
DA:494,1048968
DA:495,1048968
DA:497,1048968
DA:498,0
DA:500,0
DA:501,0
DA:504,1048968
DA:505,1048968
DA:506,1048968
DA:508,0
DA:510,8391744
DA:511,7342776
DA:512,0
DA:513,0
DA:515,0
DA:516,0
DA:519,0
DA:520,0
DA:521,0
DA:523,7342776
DA:526,1048968
DA:527,0
DA:528,0
DA:529,0
DA:531,1048968
DA:533,1048968
DA:534,0
DA:535,0
DA:537,1048968
DA:538,1048968
DA:542,524484
DA:544,524484
DA:546,524484
DA:548,1048968
DA:549,524484
DA:553,1048968
DA:555,1048968
DA:556,1048968
DA:557,1048968
DA:559,1048968
DA:560,524484
DA:562,524484
DA:564,524484
DA:565,524484
DA:566,0
DA:569,524484
DA:570,524484
DA:571,524484
DA:574,1048968
DA:576,1048968
DA:577,1048968
DA:578,1048968
DA:580,1048968
DA:581,1048968
DA:582,0
DA:585,1048968
DA:639,0
DA:641,0
DA:644,0
DA:645,0
DA:646,0
DA:647,0
DA:650,0
DA:651,0
DA:654,0
DA:655,0
DA:657,0
DA:658,0
DA:659,0
DA:660,0
DA:664,1048968
DA:665,0
DA:668,1048968
DA:669,0
DA:670,0
DA:672,1048968
DA:673,1048968
DA:677,0
DA:679,0
DA:681,0
DA:688,0
DA:689,0
DA:690,0
DA:692,0
DA:693,0
DA:696,0
DA:697,0
DA:698,0
DA:699,0
DA:700,0
DA:703,0
DA:706,0
DA:707,0
LF:278
LH:60
end_of_record
TN:
SF:/home/ufo/personal/research/fuzzing/nginx/src/core/ngx_log.h
FN:251,ngx_write_stderr
FN:258,ngx_write_stdout
FNDA:0,ngx_write_stderr
FNDA:0,ngx_write_stdout
FNF:2
FNH:0
DA:251,0
DA:253,0
DA:254,0
DA:258,0
DA:260,0
DA:261,0
LF:6
LH:0
end_of_record
TN:
SF:/home/ufo/personal/research/fuzzing/nginx/src/core/ngx_md5.c
FN:19,ngx_md5_init
FN:31,ngx_md5_update
FN:62,ngx_md5_final
FN:170,ngx_md5_body
FNDA:0,ngx_md5_final
FNDA:0,ngx_md5_update
FNDA:0,ngx_md5_init
FNDA:0,ngx_md5_body
FNF:4
FNH:0
DA:19,0
DA:21,0
DA:22,0
DA:23,0
DA:24,0
DA:26,0
DA:27,0
DA:31,0
DA:33,0
DA:35,0
DA:36,0
DA:38,0
DA:39,0
DA:41,0
DA:42,0
DA:43,0
DA:46,0
DA:47,0
DA:48,0
DA:49,0
DA:50,0
DA:52,0
DA:53,0
DA:54,0
DA:55,0
DA:57,0
DA:58,0
DA:62,0
DA:64,0
DA:66,0
DA:68,0
DA:70,0
DA:72,0
DA:73,0
DA:74,0
DA:75,0
DA:76,0
DA:77,0
DA:79,0
DA:81,0
DA:82,0
DA:83,0
DA:84,0
DA:85,0
DA:86,0
DA:87,0
DA:88,0
DA:89,0
DA:91,0
DA:93,0
DA:94,0
DA:95,0
DA:96,0
DA:97,0
DA:98,0
DA:99,0
DA:100,0
DA:101,0
DA:102,0
DA:103,0
DA:104,0
DA:105,0
DA:106,0
DA:107,0
DA:108,0
DA:110,0
DA:111,0
DA:170,0
DA:172,0
DA:173,0
DA:174,0
DA:179,0
DA:181,0
DA:182,0
DA:183,0
DA:184,0
DA:186,0
DA:187,0
DA:188,0
DA:189,0
DA:190,0
DA:194,0
DA:195,0
DA:196,0
DA:197,0
DA:198,0
DA:199,0
DA:200,0
DA:201,0
DA:202,0
DA:203,0
DA:204,0
DA:205,0
DA:206,0
DA:207,0
DA:208,0
DA:209,0
DA:213,0
DA:214,0
DA:215,0
DA:216,0
DA:217,0
DA:218,0
DA:219,0
DA:220,0
DA:221,0
DA:222,0
DA:223,0
DA:224,0
DA:225,0
DA:226,0
DA:227,0
DA:228,0
DA:232,0
DA:233,0
DA:234,0
DA:235,0
DA:236,0
DA:237,0
DA:238,0
DA:239,0
DA:240,0
DA:241,0
DA:242,0
DA:243,0
DA:244,0
DA:245,0
DA:246,0
DA:247,0
DA:251,0
DA:252,0
DA:253,0
DA:254,0
DA:255,0
DA:256,0
DA:257,0
DA:258,0
DA:259,0
DA:260,0
DA:261,0
DA:262,0
DA:263,0
DA:264,0
DA:265,0
DA:266,0
DA:268,0
DA:269,0
DA:270,0
DA:271,0
DA:273,0
DA:275,0
DA:277,0
DA:278,0
DA:279,0
DA:280,0
DA:282,0
DA:283,0
LF:157
LH:0
end_of_record
TN:
SF:/home/ufo/personal/research/fuzzing/nginx/src/core/ngx_module.c
FN:26,ngx_preinit_modules
FN:43,ngx_cycle_modules
FN:66,ngx_init_modules
FN:83,ngx_count_modules
FN:157,ngx_add_module
FN:280,ngx_module_index
FN:319,ngx_module_ctx_index
FNDA:0,ngx_module_index
FNDA:0,ngx_add_module
FNDA:25175232,ngx_module_ctx_index
FNDA:524484,ngx_init_modules
FNDA:524484,ngx_cycle_modules
FNDA:1048968,ngx_count_modules
FNDA:524484,ngx_preinit_modules
FNF:7
FNH:5
DA:26,524484
DA:28,524484
DA:30,28846620
DA:31,28322136
DA:32,28322136
DA:33,28322136
DA:35,524484
DA:36,524484
DA:38,524484
DA:39,524484
DA:43,524484
DA:50,1048968
DA:51,524484
DA:52,524484
DA:53,0
DA:56,524484
DA:59,524484
DA:61,524484
DA:62,524484
DA:66,524484
DA:68,524484
DA:70,28846620
DA:71,28322136
DA:72,1573452
DA:73,0
DA:75,1573452
DA:76,28322136
DA:78,524484
DA:79,524484
DA:83,1048968
DA:85,1048968
DA:86,1048968
DA:88,1048968
DA:89,1048968
DA:93,57693240
DA:94,56644272
DA:96,56644272
DA:97,31469040
DA:100,25175232
DA:104,0
DA:105,0
DA:106,0
DA:108,0
DA:109,0
DA:110,0
DA:112,0
DA:117,25175232
DA:119,25175232
DA:120,24126264
DA:121,24126264
DA:123,25175232
DA:124,25175232
DA:133,1048968
DA:135,0
DA:136,0
DA:138,0
DA:139,0
DA:142,0
DA:143,0
DA:144,0
DA:145,0
DA:146,0
DA:150,1048968
DA:152,2097936
DA:153,1048968
DA:157,0
DA:160,0
DA:161,0
DA:162,0
DA:164,0
DA:165,0
DA:167,0
DA:170,0
DA:171,0
DA:173,0
DA:174,0
DA:177,0
DA:178,0
DA:180,0
DA:181,0
DA:184,0
DA:185,0
DA:186,0
DA:188,0
DA:189,0
DA:191,0
DA:197,0
DA:198,0
DA:200,0
DA:201,0
DA:203,0
DA:205,0
DA:211,0
DA:213,0
DA:214,0
DA:215,0
DA:216,0
DA:217,0
DA:219,0
DA:221,0
DA:229,0
DA:230,0
DA:236,0
DA:237,0
DA:239,0
DA:240,0
DA:241,0
DA:245,0
DA:246,0
DA:249,0
DA:251,0
DA:252,0
DA:254,0
DA:263,0
DA:265,0
DA:266,0
DA:267,0
DA:268,0
DA:271,0
DA:272,0
DA:273,0
DA:275,0
DA:276,0
DA:280,0
DA:282,0
DA:283,0
DA:285,0
DA:291,0
DA:292,0
DA:294,0
DA:295,0
DA:296,0
DA:298,0
DA:302,0
DA:304,0
DA:305,0
DA:307,0
DA:308,0
DA:309,0
DA:311,0
DA:312,0
DA:314,0
DA:315,0
DA:319,25175232
DA:321,25175232
DA:322,25175232
DA:328,1384637760
DA:329,1359462528
DA:331,1359462528
DA:332,247556448
DA:335,1111906080
DA:336,0
DA:337,0
DA:339,1111906080
DA:343,25175232
DA:345,0
DA:346,0
DA:348,0
DA:349,0
DA:352,0
DA:353,0
DA:354,0
DA:356,0
DA:357,0
DA:359,50350464
DA:360,25175232
LF:166
LH:59
end_of_record
TN:
SF:/home/ufo/personal/research/fuzzing/nginx/src/core/ngx_murmurhash.c
FN:12,ngx_murmur_hash2
FNDA:0,ngx_murmur_hash2
FNF:1
FNH:0
DA:12,0
DA:14,0
DA:16,0
DA:18,0
DA:19,0
DA:20,0
DA:21,0
DA:22,0
DA:24,0
DA:25,0
DA:26,0
DA:28,0
DA:29,0
DA:31,0
DA:32,0
DA:35,0
DA:37,0
DA:40,0
DA:43,0
DA:44,0
DA:45,0
DA:47,0
DA:48,0
DA:49,0
DA:51,0
DA:52,0
LF:26
LH:0
end_of_record
TN:
SF:/home/ufo/personal/research/fuzzing/nginx/src/core/ngx_open_file_cache.c
FN:57,ngx_open_file_cache_init
FN:89,ngx_open_file_cache_cleanup
FN:144,ngx_open_cached_file
FN:492,ngx_openat_file_owner
FN:559,ngx_file_o_path_info
FN:614,ngx_open_file_wrapper
FN:781,ngx_file_info_wrapper
FN:840,ngx_open_and_stat_file
FN:954,ngx_open_file_add_event
FN:1018,ngx_open_file_cleanup
FN:1032,ngx_close_cached_file
FN:1078,ngx_open_file_del_event
FN:1095,ngx_expire_old_cached_files
FN:1146,ngx_open_file_cache_rbtree_insert_value
FN:1187,ngx_open_file_lookup
FN:1227,ngx_open_file_cache_remove
FNDA:0,ngx_expire_old_cached_files
FNDA:0,ngx_open_file_cache_rbtree_insert_value
FNDA:0,ngx_open_file_cache_remove
FNDA:0,ngx_file_info_wrapper
FNDA:0,ngx_open_file_cache_cleanup
FNDA:0,ngx_open_file_cleanup
FNDA:0,ngx_file_o_path_info
FNDA:0,ngx_openat_file_owner
FNDA:0,ngx_open_file_wrapper
FNDA:0,ngx_open_and_stat_file
FNDA:0,ngx_open_file_lookup
FNDA:0,ngx_open_file_del_event
FNDA:0,ngx_open_file_add_event
FNDA:0,ngx_open_cached_file
FNDA:0,ngx_open_file_cache_init
FNDA:0,ngx_close_cached_file
FNF:16
FNH:0
DA:57,0
DA:59,0
DA:60,0
DA:62,0
DA:63,0
DA:64,0
DA:67,0
DA:70,0
DA:72,0
DA:73,0
DA:74,0
DA:76,0
DA:77,0
DA:78,0
DA:81,0
DA:82,0
DA:84,0
DA:85,0
DA:89,0
DA:91,0
DA:93,0
DA:94,0
DA:99,0
DA:101,0
DA:102,0
DA:105,0
DA:107,0
DA:109,0
DA:111,0
DA:113,0
DA:118,0
DA:119,0
DA:120,0
DA:121,0
DA:123,0
DA:124,0
DA:125,0
DA:129,0
DA:130,0
DA:133,0
DA:135,0
DA:136,0
DA:139,0
DA:140,0
DA:144,0
DA:147,0
DA:148,0
DA:149,0
DA:150,0
DA:151,0
DA:152,0
DA:153,0
DA:154,0
DA:156,0
DA:157,0
DA:159,0
DA:161,0
DA:163,0
DA:164,0
DA:166,0
DA:169,0
DA:170,0
DA:171,0
DA:172,0
DA:173,0
DA:174,0
DA:175,0
DA:176,0
DA:178,0
DA:181,0
DA:182,0
DA:183,0
DA:186,0
DA:188,0
DA:189,0
DA:190,0
DA:192,0
DA:193,0
DA:194,0
DA:195,0
DA:197,0
DA:200,0
DA:201,0
DA:202,0
DA:205,0
DA:207,0
DA:209,0
DA:211,0
DA:213,0
DA:215,0
DA:217,0
DA:221,0
DA:223,0
DA:224,0
DA:227,0
DA:230,0
DA:231,0
DA:232,0
DA:233,0
DA:235,0
DA:236,0
DA:240,0
DA:242,0
DA:243,0
DA:244,0
DA:245,0
DA:247,0
DA:248,0
DA:249,0
DA:250,0
DA:251,0
DA:253,0
DA:254,0
DA:255,0
DA:256,0
DA:258,0
DA:259,0
DA:261,0
DA:268,0
DA:275,0
DA:283,0
DA:284,0
DA:286,0
DA:287,0
DA:289,0
DA:291,0
DA:292,0
DA:295,0
DA:297,0
DA:298,0
DA:303,0
DA:305,0
DA:306,0
DA:309,0
DA:311,0
DA:312,0
DA:313,0
DA:315,0
DA:317,0
DA:322,0
DA:324,0
DA:325,0
DA:331,0
DA:333,0
DA:335,0
DA:336,0
DA:338,0
DA:340,0
DA:343,0
DA:345,0
DA:347,0
DA:349,0
DA:354,0
DA:356,0
DA:357,0
DA:362,0
DA:363,0
DA:364,0
DA:366,0
DA:368,0
DA:369,0
DA:372,0
DA:374,0
DA:375,0
DA:376,0
DA:377,0
DA:380,0
DA:382,0
DA:384,0
DA:386,0
DA:388,0
DA:389,0
DA:390,0
DA:391,0
DA:395,0
DA:399,0
DA:400,0
DA:402,0
DA:403,0
DA:406,0
DA:407,0
DA:408,0
DA:409,0
DA:411,0
DA:413,0
DA:414,0
DA:415,0
DA:416,0
DA:417,0
DA:419,0
DA:420,0
DA:421,0
DA:422,0
DA:424,0
DA:428,0
DA:430,0
DA:436,0
DA:438,0
DA:439,0
DA:440,0
DA:442,0
DA:443,0
DA:444,0
DA:445,0
DA:446,0
DA:448,0
DA:451,0
DA:455,0
DA:456,0
DA:458,0
DA:460,0
DA:462,0
DA:463,0
DA:464,0
DA:467,0
DA:468,0
DA:470,0
DA:471,0
DA:473,0
DA:474,0
DA:476,0
DA:478,0
DA:479,0
DA:480,0
DA:482,0
DA:483,0
DA:485,0
DA:486,0
DA:492,0
DA:495,0
DA:496,0
DA:497,0
DA:511,0
DA:513,0
DA:514,0
DA:517,0
DA:518,0
DA:520,0
DA:521,0
DA:525,0
DA:526,0
DA:527,0
DA:536,0
DA:537,0
DA:538,0
DA:541,0
DA:545,0
DA:546,0
DA:548,0
DA:550,0
DA:552,0
DA:553,0
DA:559,0
DA:585,0
DA:586,0
DA:587,0
DA:590,0
DA:591,0
DA:594,0
DA:598,0
DA:599,0
DA:601,0
DA:602,0
DA:605,0
DA:606,0
DA:614,0
DA:617,0
DA:633,0
DA:634,0
DA:635,0
DA:637,0
DA:638,0
DA:640,0
DA:641,0
DA:642,0
DA:643,0
DA:646,0
DA:649,0
DA:650,0
DA:652,0
DA:654,0
DA:656,0
DA:658,0
DA:660,0
DA:663,0
DA:665,0
DA:666,0
DA:667,0
DA:668,0
DA:671,0
DA:672,0
DA:674,0
DA:676,0
DA:680,0
DA:681,0
DA:682,0
DA:683,0
DA:686,0
DA:687,0
DA:689,0
DA:690,0
DA:693,0
DA:694,0
DA:695,0
DA:696,0
DA:699,0
DA:700,0
DA:701,0
DA:704,0
DA:706,0
DA:707,0
DA:709,0
DA:711,0
DA:712,0
DA:717,0
DA:719,0
DA:720,0
DA:721,0
DA:722,0
DA:725,0
DA:726,0
DA:728,0
DA:730,0
DA:731,0
DA:732,0
DA:735,0
DA:748,0
DA:749,0
DA:752,0
DA:753,0
DA:755,0
DA:757,0
DA:758,0
DA:763,0
DA:764,0
DA:765,0
DA:766,0
DA:770,0
DA:771,0
DA:773,0
DA:775,0
DA:777,0
DA:781,0
DA:784,0
DA:800,0
DA:802,0
DA:804,0
DA:806,0
DA:807,0
DA:808,0
DA:809,0
DA:812,0
DA:815,0
DA:816,0
DA:818,0
DA:819,0
DA:822,0
DA:824,0
DA:825,0
DA:826,0
DA:827,0
DA:829,0
DA:830,0
DA:832,0
DA:834,0
DA:836,0
DA:840,0
DA:843,0
DA:844,0
DA:846,0
DA:848,0
DA:849,0
DA:850,0
DA:853,0
DA:854,0
DA:857,0
DA:859,0
DA:860,0
DA:861,0
DA:864,0
DA:865,0
DA:867,0
DA:869,0
DA:876,0
DA:877,0
DA:879,0
DA:880,0
DA:882,0
DA:885,0
DA:886,0
DA:887,0
DA:890,0
DA:891,0
DA:894,0
DA:895,0
DA:897,0
DA:899,0
DA:901,0
DA:904,0
DA:905,0
DA:906,0
DA:908,0
DA:910,0
DA:912,0
DA:913,0
DA:915,0
DA:916,0
DA:917,0
DA:919,0
DA:920,0
DA:922,0
DA:923,0
DA:924,0
DA:927,0
DA:928,0
DA:930,0
DA:935,0
DA:936,0
DA:937,0
DA:938,0
DA:939,0
DA:940,0
DA:941,0
DA:942,0
DA:944,0
DA:945,0
DA:954,0
DA:957,0
DA:959,0
DA:960,0
DA:961,0
DA:962,0
DA:963,0
DA:965,0
DA:968,0
DA:970,0
DA:971,0
DA:972,0
DA:975,0
DA:976,0
DA:977,0
DA:978,0
DA:979,0
DA:982,0
DA:983,0
DA:984,0
DA:986,0
DA:987,0
DA:995,0
DA:997,0
DA:998,0
DA:1000,0
DA:1001,0
DA:1002,0
DA:1003,0
DA:1013,0
DA:1014,0
DA:1018,0
DA:1020,0
DA:1022,0
DA:1024,0
DA:1027,0
DA:1028,0
DA:1032,0
DA:1039,0
DA:1041,0
DA:1043,0
DA:1045,0
DA:1047,0
DA:1048,0
DA:1050,0
DA:1052,0
DA:1054,0
DA:1055,0
DA:1058,0
DA:1060,0
DA:1061,0
DA:1063,0
DA:1065,0
DA:1066,0
DA:1068,0
DA:1069,0
DA:1072,0
DA:1073,0
DA:1074,0
DA:1078,0
DA:1080,0
DA:1081,0
DA:1084,0
DA:1085,0
DA:1087,0
DA:1088,0
DA:1089,0
DA:1090,0
DA:1091,0
DA:1095,0
DA:1098,0
DA:1099,0
DA:1100,0
DA:1102,0
DA:1110,0
DA:1112,0
DA:1113,0
DA:1116,0
DA:1118,0
DA:1120,0
DA:1121,0
DA:1124,0
DA:1126,0
DA:1128,0
DA:1133,0
DA:1134,0
DA:1135,0
DA:1137,0
DA:1138,0
DA:1139,0
DA:1142,0
DA:1146,0
DA:1149,0
DA:1150,0
DA:1152,0
DA:1154,0
DA:1156,0
DA:1158,0
DA:1160,0
DA:1162,0
DA:1164,0
DA:1165,0
DA:1167,0
DA:1168,0
DA:1171,0
DA:1172,0
DA:1175,0
DA:1178,0
DA:1179,0
DA:1180,0
DA:1181,0
DA:1182,0
DA:1183,0
DA:1187,0
DA:1190,0
DA:1191,0
DA:1192,0
DA:1194,0
DA:1195,0
DA:1197,0
DA:1199,0
[...]
LH:7
end_of_record
TN:
SF:/home/ufo/personal/research/fuzzing/nginx/src/os/unix/ngx_files.h
FN:145,ngx_write_fd
FN:250,ngx_de_info
FNDA:0,ngx_write_fd
FNDA:0,ngx_de_info
FNF:2
FNH:0
DA:145,0
DA:147,0
DA:250,0
DA:252,0
DA:253,0
LF:5
LH:0
end_of_record
TN:
SF:/home/ufo/personal/research/fuzzing/nginx/src/os/unix/ngx_linux_init.c
FN:34,ngx_os_specific_init
FN:56,ngx_os_specific_status
FNDA:524484,ngx_os_specific_status
FNDA:524484,ngx_os_specific_init
FNF:2
FNH:2
DA:34,524484
DA:36,524484
DA:38,524484
DA:39,0
DA:40,0
DA:43,524484
DA:46,524484
DA:49,524484
DA:51,524484
DA:52,524484
DA:56,524484
DA:58,524484
DA:60,524484
LF:13
LH:11
end_of_record
TN:
SF:/home/ufo/personal/research/fuzzing/nginx/src/os/unix/ngx_linux_sendfile_chain.c
FN:50,ngx_linux_sendfile_chain
FN:232,ngx_linux_sendfile
FNDA:0,ngx_linux_sendfile
FNDA:0,ngx_linux_sendfile_chain
FNF:2
FNH:0
DA:50,0
DA:52,0
DA:53,0
DA:54,0
DA:55,0
DA:56,0
DA:57,0
DA:58,0
DA:59,0
DA:60,0
DA:61,0
DA:63,0
DA:65,0
DA:66,0
DA:72,0
DA:73,0
DA:74,0
DA:77,0
DA:79,0
DA:80,0
DA:82,0
DA:83,0
DA:87,0
DA:89,0
DA:90,0
DA:93,0
DA:97,0
DA:98,0
DA:99,0
DA:100,0
DA:104,0
DA:106,0
DA:108,0
DA:109,0
DA:111,0
DA:119,0
DA:120,0
DA:121,0
DA:123,0
DA:126,0
DA:127,0
DA:132,0
DA:134,0
DA:136,0
DA:137,0
DA:144,0
DA:145,0
DA:146,0
DA:148,0
DA:151,0
DA:152,0
DA:157,0
DA:158,0
DA:162,0
DA:163,0
DA:167,0
DA:169,0
DA:171,0
DA:172,0
DA:173,0
DA:177,0
DA:179,0
DA:180,0
DA:183,0
DA:185,0
DA:188,0
DA:190,0
DA:191,0
DA:193,0
DA:194,0
DA:197,0
DA:200,0
DA:202,0
DA:204,0
DA:205,0
DA:206,0
DA:209,0
DA:221,0
DA:222,0
DA:224,0
DA:225,0
DA:228,0
DA:232,0
DA:235,0
DA:239,0
DA:240,0
DA:251,0
DA:261,0
DA:263,0
DA:264,0
DA:266,0
DA:270,0
DA:275,0
DA:278,0
DA:279,0
DA:280,0
DA:284,0
DA:290,0
DA:294,0
DA:300,0
DA:301,0
LF:101
LH:0
end_of_record
TN:
SF:/home/ufo/personal/research/fuzzing/nginx/src/os/unix/ngx_posix_init.c
FN:35,ngx_os_init
FN:99,ngx_os_status
FNDA:524484,ngx_os_init
FNDA:524484,ngx_os_status
FNF:2
FNH:2
DA:35,524484
DA:37,524484
DA:38,524484
DA:40,524484
DA:44,524484
DA:45,0
DA:49,524484
DA:50,0
DA:53,524484
DA:54,524484
DA:56,6818292
DA:59,524484
DA:60,524484
DA:61,524484
DA:64,524484
DA:65,0
DA:66,0
DA:69,524484
DA:70,524484
DA:71,524484
DA:72,524484
DA:75,524484
DA:77,524484
DA:78,0
DA:80,0
DA:83,524484
DA:86,524484
DA:91,524484
DA:92,524484
DA:94,524484
DA:95,524484
DA:99,524484
DA:101,524484
DA:104,524484
DA:108,524484
DA:111,524484
DA:114,524484
LF:37
LH:31
end_of_record
TN:
SF:/home/ufo/personal/research/fuzzing/nginx/src/os/unix/ngx_process.c
FN:87,ngx_spawn_process
FN:262,ngx_execute
FN:270,ngx_execute_proc
FN:285,ngx_init_signals
FN:319,ngx_signal_handler
FN:471,ngx_process_get_status
FN:565,ngx_unlock_mutexes
FN:612,ngx_debug_point
FN:632,ngx_os_signal_process
FNDA:0,ngx_execute
FNDA:0,ngx_execute_proc
FNDA:0,ngx_signal_handler
FNDA:0,ngx_debug_point
FNDA:0,ngx_init_signals
FNDA:0,ngx_process_get_status
FNDA:0,ngx_spawn_process
FNDA:0,ngx_os_signal_process
FNDA:0,ngx_unlock_mutexes
FNF:9
FNH:0
DA:87,0
DA:90,0
DA:91,0
DA:92,0
DA:94,0
DA:95,0
DA:97,0
DA:98,0
DA:99,0
DA:100,0
DA:102,0
DA:104,0
DA:105,0
DA:108,0
DA:113,0
DA:117,0
DA:119,0
DA:121,0
DA:129,0
DA:130,0
DA:133,0
DA:134,0
DA:137,0
DA:138,0
DA:141,0
DA:142,0
DA:145,0
DA:146,0
DA:147,0
DA:149,0
DA:150,0
DA:153,0
DA:154,0
DA:156,0
DA:157,0
DA:160,0
DA:161,0
DA:164,0
DA:165,0
DA:168,0
DA:169,0
DA:172,0
DA:173,0
DA:176,0
DA:178,0
DA:179,0
DA:180,0
DA:183,0
DA:186,0
DA:188,0
DA:191,0
DA:193,0
DA:194,0
DA:197,0
DA:198,0
DA:199,0
DA:200,0
DA:203,0
DA:206,0
DA:208,0
DA:209,0
DA:211,0
DA:212,0
DA:215,0
DA:216,0
DA:217,0
DA:218,0
DA:220,0
DA:223,0
DA:224,0
DA:225,0
DA:226,0
DA:229,0
DA:230,0
DA:231,0
DA:232,0
DA:235,0
DA:236,0
DA:237,0
DA:238,0
DA:241,0
DA:242,0
DA:243,0
DA:244,0
DA:247,0
DA:248,0
DA:249,0
DA:250,0
DA:253,0
DA:254,0
DA:255,0
DA:257,0
DA:258,0
DA:262,0
DA:264,0
DA:270,0
DA:272,0
DA:274,0
DA:275,0
DA:278,0
DA:280,0
DA:285,0
DA:287,0
DA:288,0
DA:290,0
DA:291,0
DA:293,0
DA:294,0
DA:295,0
DA:297,0
DA:298,0
DA:301,0
DA:302,0
DA:307,0
DA:309,0
DA:312,0
DA:314,0
DA:315,0
DA:319,0
DA:321,0
DA:322,0
DA:323,0
DA:324,0
DA:326,0
DA:328,0
DA:330,0
DA:331,0
DA:332,0
DA:334,0
DA:336,0
DA:338,0
DA:340,0
DA:344,0
DA:347,0
DA:348,0
DA:349,0
DA:353,0
DA:354,0
DA:355,0
DA:358,0
DA:359,0
DA:360,0
DA:361,0
DA:362,0
DA:365,0
DA:366,0
DA:367,0
DA:370,0
DA:371,0
DA:372,0
DA:375,0
DA:384,0
DA:385,0
DA:386,0
DA:389,0
DA:390,0
DA:391,0
DA:394,0
DA:395,0
DA:398,0
DA:399,0
DA:402,0
DA:403,0
DA:406,0
DA:410,0
DA:413,0
DA:414,0
DA:416,0
DA:419,0
DA:420,0
DA:421,0
DA:425,0
DA:426,0
DA:427,0
DA:430,0
DA:431,0
DA:432,0
DA:437,0
DA:438,0
DA:441,0
DA:444,0
DA:445,0
DA:449,0
DA:450,0
DA:455,0
DA:456,0
DA:460,0
DA:462,0
DA:463,0
DA:464,0
DA:466,0
DA:467,0
DA:471,0
DA:473,0
DA:474,0
DA:475,0
DA:476,0
DA:477,0
DA:478,0
DA:480,0
DA:482,0
DA:483,0
DA:485,0
DA:486,0
DA:489,0
DA:490,0
DA:492,0
DA:493,0
DA:496,0
DA:497,0
DA:509,0
DA:510,0
DA:512,0
DA:515,0
DA:517,0
DA:521,0
DA:522,0
DA:524,0
DA:525,0
DA:526,0
DA:527,0
DA:528,0
DA:529,0
DA:531,0
DA:533,0
DA:535,0
DA:545,0
DA:546,0
DA:551,0
DA:552,0
DA:556,0
DA:557,0
DA:559,0
DA:561,0
DA:565,0
DA:567,0
DA:568,0
DA:569,0
DA:570,0
DA:577,0
DA:578,0
DA:579,0
DA:586,0
DA:587,0
DA:589,0
DA:591,0
DA:592,0
DA:593,0
DA:595,0
DA:596,0
DA:597,0
DA:598,0
DA:600,0
DA:602,0
DA:603,0
DA:606,0
DA:607,0
DA:608,0
DA:612,0
DA:614,0
DA:616,0
DA:619,0
DA:622,0
DA:623,0
DA:626,0
DA:628,0
DA:632,0
DA:634,0
DA:636,0
DA:637,0
DA:638,0
DA:639,0
DA:642,0
DA:644,0
DA:645,0
DA:647,0
DA:648,0
LF:277
LH:0
end_of_record
TN:
SF:/home/ufo/personal/research/fuzzing/nginx/src/os/unix/ngx_process_cycle.c
FN:74,ngx_master_process_cycle
FN:279,ngx_single_process_cycle
FN:336,ngx_start_worker_processes
FN:353,ngx_start_cache_manager_processes
FN:396,ngx_pass_open_channel
FN:432,ngx_signal_worker_processes
FN:534,ngx_reap_children
FN:656,ngx_master_process_exit
FN:699,ngx_worker_process_cycle
FN:752,ngx_worker_process_init
FN:949,ngx_worker_process_exit
FN:1010,ngx_channel_handler
FN:1098,ngx_cache_manager_process_cycle
FN:1149,ngx_cache_manager_process_handler
FN:1178,ngx_cache_loader_process_handler
FNDA:0,ngx_reap_children
FNDA:0,ngx_single_process_cycle
FNDA:0,ngx_master_process_cycle
FNDA:0,ngx_signal_worker_processes
FNDA:0,ngx_worker_process_cycle
FNDA:0,ngx_worker_process_init
FNDA:0,ngx_cache_manager_process_handler
FNDA:0,ngx_channel_handler
FNDA:0,ngx_pass_open_channel
FNDA:0,ngx_master_process_exit
FNDA:0,ngx_cache_loader_process_handler
FNDA:0,ngx_worker_process_exit
FNDA:0,ngx_start_cache_manager_processes
FNDA:0,ngx_start_worker_processes
FNDA:0,ngx_cache_manager_process_cycle
FNF:15
FNH:0
DA:74,0
DA:76,0
DA:77,0
DA:78,0
DA:79,0
DA:80,0
DA:81,0
DA:82,0
DA:83,0
DA:84,0
DA:85,0
DA:87,0
DA:88,0
DA:89,0
DA:90,0
DA:91,0
DA:92,0
DA:93,0
DA:94,0
DA:95,0
DA:96,0
DA:97,0
DA:99,0
DA:100,0
DA:102,0
DA:104,0
DA:107,0
DA:109,0
DA:110,0
DA:111,0
DA:113,0
DA:114,0
DA:116,0
DA:119,0
DA:120,0
DA:121,0
DA:122,0
DA:123,0
DA:125,0
DA:128,0
DA:130,0
DA:132,0
DA:134,0
DA:135,0
DA:136,0
DA:137,0
DA:139,0
DA:140,0
DA:141,0
DA:142,0
DA:143,0
DA:144,0
DA:145,0
DA:150,0
DA:151,0
DA:152,0
DA:153,0
DA:155,0
DA:156,0
DA:158,0
DA:159,0
DA:163,0
DA:165,0
DA:170,0
DA:171,0
DA:174,0
DA:175,0
DA:177,0
DA:178,0
DA:179,0
DA:181,0
DA:182,0
DA:183,0
DA:184,0
DA:186,0
DA:187,0
DA:188,0
DA:191,0
DA:193,0
DA:194,0
DA:195,0
DA:196,0
DA:200,0
DA:203,0
DA:204,0
DA:206,0
DA:208,0
DA:211,0
DA:212,0
DA:214,0
DA:215,0
DA:217,0
DA:218,0
DA:220,0
DA:223,0
DA:225,0
DA:226,0
DA:227,0
DA:228,0
DA:231,0
DA:232,0
DA:234,0
DA:236,0
DA:239,0
DA:241,0
DA:242,0
DA:244,0
DA:246,0
DA:247,0
DA:248,0
DA:250,0
DA:251,0
DA:252,0
DA:254,0
DA:255,0
DA:256,0
DA:257,0
DA:258,0
DA:260,0
DA:262,0
DA:263,0
DA:264,0
DA:265,0
DA:266,0
DA:268,0
DA:269,0
DA:270,0
DA:271,0
DA:273,0
DA:279,0
DA:281,0
DA:283,0
DA:285,0
DA:288,0
DA:289,0
DA:290,0
DA:292,0
DA:294,0
DA:295,0
DA:297,0
DA:300,0
DA:302,0
DA:304,0
DA:305,0
DA:306,0
DA:307,0
DA:308,0
DA:310,0
DA:311,0
DA:313,0
DA:314,0
DA:315,0
DA:317,0
DA:318,0
DA:319,0
DA:320,0
DA:323,0
DA:324,0
DA:326,0
DA:327,0
DA:328,0
DA:329,0
DA:330,0
DA:336,0
DA:338,0
DA:340,0
DA:342,0
DA:344,0
DA:345,0
DA:347,0
DA:348,0
DA:349,0
DA:353,0
DA:355,0
DA:356,0
DA:358,0
DA:359,0
DA:361,0
DA:362,0
DA:364,0
DA:365,0
DA:366,0
DA:368,0
DA:369,0
DA:370,0
DA:371,0
DA:373,0
DA:374,0
DA:377,0
DA:379,0
DA:381,0
DA:383,0
DA:384,0
DA:387,0
DA:389,0
DA:391,0
DA:392,0
DA:396,0
DA:398,0
DA:399,0
DA:401,0
DA:403,0
DA:404,0
DA:405,0
DA:406,0
DA:408,0
DA:410,0
DA:411,0
DA:412,0
DA:414,0
DA:425,0
DA:426,0
DA:427,0
DA:428,0
DA:432,0
DA:434,0
DA:435,0
DA:436,0
DA:438,0
DA:446,0
DA:449,0
DA:450,0
DA:453,0
DA:454,0
DA:457,0
DA:458,0
DA:461,0
DA:462,0
DA:466,0
DA:469,0
DA:481,0
DA:482,0
DA:485,0
DA:486,0
DA:487,0
DA:490,0
DA:491,0
DA:493,0
DA:496,0
DA:497,0
DA:498,0
DA:499,0
DA:501,0
DA:502,0
DA:503,0
DA:505,0
DA:507,0
DA:512,0
DA:513,0
DA:514,0
DA:517,0
DA:518,0
DA:519,0
DA:520,0
DA:521,0
DA:523,0
DA:526,0
DA:527,0
DA:528,0
DA:529,0
DA:530,0
DA:534,0
DA:536,0
DA:537,0
DA:538,0
DA:539,0
DA:541,0
DA:543,0
DA:544,0
DA:546,0
DA:547,0
DA:559,0
DA:560,0
DA:563,0
DA:565,0
DA:566,0
DA:568,0
DA:569,0
DA:571,0
DA:572,0
DA:574,0
DA:575,0
DA:576,0
DA:577,0
DA:579,0
DA:588,0
DA:589,0
DA:590,0
DA:591,0
DA:593,0
DA:594,0
DA:595,0
DA:596,0
DA:598,0
DA:599,0
DA:600,0
DA:601,0
DA:603,0
DA:606,0
DA:610,0
DA:612,0
DA:614,0
DA:617,0
DA:619,0
DA:622,0
DA:624,0
DA:626,0
DA:630,0
DA:632,0
DA:633,0
DA:634,0
DA:635,0
DA:636,0
DA:637,0
DA:639,0
DA:640,0
DA:642,0
DA:643,0
DA:646,0
DA:647,0
DA:648,0
DA:649,0
DA:651,0
DA:652,0
DA:656,0
DA:658,0
DA:660,0
DA:662,0
DA:664,0
DA:665,0
DA:666,0
DA:667,0
DA:668,0
DA:670,0
DA:680,0
DA:682,0
DA:683,0
DA:684,0
DA:685,0
DA:687,0
DA:688,0
DA:689,0
DA:690,0
DA:692,0
DA:694,0
DA:699,0
DA:701,0
DA:703,0
DA:704,0
DA:706,0
DA:708,0
DA:710,0
DA:712,0
DA:713,0
DA:714,0
DA:715,0
DA:716,0
DA:717,0
DA:721,0
DA:723,0
DA:724,0
DA:725,0
DA:726,0
DA:728,0
DA:729,0
DA:730,0
DA:732,0
DA:734,0
DA:735,0
DA:736,0
DA:737,0
DA:738,0
DA:739,0
DA:740,0
DA:742,0
DA:743,0
DA:744,0
DA:745,0
DA:746,0
DA:752,0
DA:754,0
DA:755,0
DA:756,0
DA:757,0
DA:758,0
DA:759,0
DA:760,0
DA:761,0
DA:763,0
DA:765,0
DA:768,0
DA:770,0
DA:771,0
DA:772,0
DA:774,0
DA:775,0
DA:777,0
DA:778,0
DA:779,0
DA:781,0
DA:782,0
DA:785,0
DA:786,0
DA:788,0
DA:789,0
DA:790,0
DA:792,0
DA:793,0
DA:796,0
DA:797,0
DA:799,0
DA:800,0
DA:801,0
DA:804,0
DA:807,0
DA:808,0
DA:811,0
DA:814,0
DA:815,0
DA:816,0
DA:819,0
DA:821,0
DA:824,0
DA:825,0
DA:828,0
DA:832,0
DA:833,0
DA:834,0
DA:836,0
DA:837,0
DA:839,0
DA:840,0
DA:841,0
DA:843,0
DA:844,0
DA:847,0
DA:849,0
DA:851,0
DA:853,0
DA:854,0
DA:856,0
DA:857,0
DA:858,0
DA:859,0
DA:865,0
DA:866,0
DA:868,0
DA:872,0
DA:873,0
DA:874,0
DA:877,0
DA:879,0
DA:881,0
DA:883,0
DA:884,0
DA:886,0
DA:888,0
DA:889,0
DA:895,0
DA:896,0
DA:897,0
DA:898,0
DA:900,0
DA:901,0
DA:902,0
DA:904,0
DA:906,0
DA:907,0
DA:909,0
DA:911,0
DA:912,0
DA:915,0
DA:916,0
DA:919,0
DA:920,0
DA:923,0
DA:924,0
DA:926,0
DA:927,0
DA:929,0
DA:930,0
DA:932,0
DA:938,0
DA:940,0
DA:943,0
DA:945,0
DA:949,0
DA:951,0
DA:952,0
DA:954,0
DA:955,0
DA:956,0
DA:957,0
DA:958,0
DA:960,0
DA:961,0
DA:962,0
DA:963,0
DA:964,0
DA:965,0
DA:966,0
DA:967,0
DA:969,0
DA:972,0
DA:973,0
DA:974,0
DA:976,0
DA:977,0
DA:978,0
DA:979,0
DA:980,0
DA:989,0
DA:991,0
DA:992,0
DA:993,0
DA:994,0
DA:996,0
DA:997,0
DA:998,0
DA:999,0
DA:1001,0
DA:1003,0
DA:1005,0
DA:1010,0
DA:1012,0
DA:1013,0
DA:1014,0
DA:1016,0
DA:1017,0
DA:1018,0
DA:1021,0
DA:1025,0
DA:1027,0
DA:1031,0
DA:1033,0
DA:1034,0
DA:1035,0
DA:1037,0
DA:1038,0
DA:1041,0
DA:1042,0
DA:1043,0
DA:1045,0
DA:1047,0
DA:1048,0
DA:1054,0
DA:1057,0
DA:1058,0
DA:1061,0
DA:1062,0
DA:1065,0
DA:1066,0
DA:1074,0
DA:1075,0
DA:1076,0
DA:1085,0
DA:1086,0
DA:1088,0
DA:1090,0
DA:1091,0
DA:1094,0
DA:1098,0
DA:1100,0
DA:1102,0
DA:1103,0
DA:1109,0
DA:1111,0
DA:1114,0
DA:1116,0
DA:1118,0
DA:1119,0
DA:1120,0
DA:1121,0
DA:1122,0
DA:1124,0
DA:1126,0
DA:1128,0
DA:1130,0
DA:1132,0
DA:1133,0
DA:1134,0
DA:1137,0
DA:1138,0
DA:1139,0
DA:1140,0
DA:1141,0
DA:1143,0
DA:1149,0
DA:1151,0
DA:1152,0
DA:1153,0
DA:1155,0
DA:1157,0
DA:1158,0
DA:1160,0
DA:1161,0
DA:1163,0
DA:1165,0
DA:1166,0
DA:1167,0
DA:1169,0
DA:1170,0
DA:1171,0
DA:1173,0
DA:1174,0
DA:1178,0
DA:1180,0
DA:1181,0
DA:1182,0
DA:1184,0
DA:1186,0
DA:1187,0
DA:1189,0
DA:1190,0
DA:1193,0
DA:1194,0
DA:1195,0
DA:1196,0
DA:1197,0
DA:1199,0
LF:620
LH:0
end_of_record
TN:
SF:/home/ufo/personal/research/fuzzing/nginx/src/os/unix/ngx_readv_chain.c
FN:14,ngx_readv_chain
FNDA:0,ngx_readv_chain
FNF:1
FNH:0
DA:14,0
DA:16,0
DA:17,0
DA:18,0
DA:19,0
DA:20,0
DA:21,0
DA:23,0
DA:58,0
DA:63,0
DA:64,0
DA:66,0
DA:70,0
DA:71,0
DA:72,0
DA:74,0
DA:75,0
DA:76,0
DA:77,0
DA:78,0
DA:82,0
DA:83,0
DA:85,0
DA:86,0
DA:87,0
DA:90,0
DA:91,0
DA:92,0
DA:93,0
DA:95,0
DA:96,0
DA:98,0
DA:99,0
DA:100,0
DA:103,0
DA:104,0
DA:105,0
DA:108,0
DA:109,0
DA:112,0
DA:113,0
DA:114,0
DA:120,0
DA:121,0
DA:123,0
DA:124,0
DA:125,0
DA:140,0
DA:143,0
DA:170,0
DA:171,0
DA:180,0
DA:181,0
DA:182,0
DA:183,0
DA:188,0
DA:190,0
DA:191,0
DA:193,0
DA:198,0
DA:204,0
DA:205,0
DA:207,0
DA:208,0
DA:209,0
DA:210,0
DA:212,0
DA:213,0
DA:215,0
DA:220,0
DA:221,0
DA:222,0
DA:224,0
DA:227,0
DA:229,0
DA:232,0
DA:234,0
DA:235,0
DA:236,0
DA:239,0
DA:241,0
DA:243,0
DA:244,0
DA:245,0
DA:247,0
DA:248,0
LF:86
LH:0
end_of_record
TN:
SF:/home/ufo/personal/research/fuzzing/nginx/src/os/unix/ngx_recv.c
FN:14,ngx_unix_recv
FNDA:0,ngx_unix_recv
FNF:1
FNH:0
DA:14,0
DA:16,0
DA:17,0
DA:18,0
DA:20,0
DA:55,0
DA:60,0
DA:61,0
DA:62,0
DA:64,0
DA:68,0
DA:69,0
DA:74,0
DA:75,0
DA:76,0
DA:91,0
DA:94,0
DA:121,0
DA:122,0
DA:131,0
DA:132,0
DA:133,0
DA:134,0
DA:139,0
DA:141,0
DA:142,0
DA:144,0
DA:149,0
DA:155,0
DA:156,0
DA:158,0
DA:159,0
DA:160,0
DA:161,0
DA:163,0
DA:164,0
DA:166,0
DA:171,0
DA:172,0
DA:174,0
DA:175,0
DA:177,0
DA:180,0
DA:182,0
DA:185,0
DA:187,0
DA:188,0
DA:189,0
DA:192,0
DA:194,0
DA:196,0
DA:197,0
DA:198,0
DA:200,0
DA:201,0
LF:55
LH:0
end_of_record
TN:
SF:/home/ufo/personal/research/fuzzing/nginx/src/os/unix/ngx_send.c
FN:14,ngx_unix_send
FNDA:0,ngx_unix_send
FNF:1
FNH:0
DA:14,0
DA:16,0
DA:17,0
DA:18,0
DA:20,0
DA:33,0
DA:34,0
DA:39,0
DA:40,0
DA:41,0
DA:42,0
DA:44,0
DA:46,0
DA:49,0
DA:51,0
DA:52,0
DA:53,0
DA:54,0
DA:57,0
DA:58,0
DA:63,0
DA:64,0
DA:67,0
DA:68,0
DA:69,0
DA:70,0
DA:73,0
LF:27
LH:0
end_of_record
TN:
SF:/home/ufo/personal/research/fuzzing/nginx/src/os/unix/ngx_setaffinity.c
FN:36,ngx_setaffinity
FNDA:0,ngx_setaffinity
FNF:1
FNH:0
DA:36,0
DA:38,0
DA:40,0
DA:41,0
DA:42,0
DA:44,0
DA:45,0
DA:47,0
DA:48,0
DA:50,0
DA:51,0
LF:11
LH:0
end_of_record
TN:
SF:/home/ufo/personal/research/fuzzing/nginx/src/os/unix/ngx_setproctitle.c
FN:35,ngx_init_setproctitle
FN:79,ngx_setproctitle
FNDA:524484,ngx_init_setproctitle
FNDA:0,ngx_setproctitle
FNF:2
FNH:1
DA:35,524484
DA:37,524484
DA:38,524484
DA:39,524484
DA:41,524484
DA:43,34615944
DA:44,34091460
DA:45,34091460
DA:47,524484
DA:48,524484
DA:49,0
DA:52,524484
DA:54,1048968
DA:55,524484
DA:56,524484
DA:57,524484
DA:58,524484
DA:60,34615944
DA:61,34091460
DA:63,524484
DA:64,524484
DA:66,524484
DA:67,524484
DA:68,524484
DA:69,524484
DA:70,34091460
DA:72,524484
DA:74,524484
DA:75,524484
DA:79,0
DA:81,0
DA:90,0
DA:92,0
DA:93,0
DA:95,0
DA:127,0
DA:128,0
DA:129,0
DA:133,0
LF:39
LH:28
end_of_record
TN:
SF:/home/ufo/personal/research/fuzzing/nginx/src/os/unix/ngx_shmem.c
FN:15,ngx_shm_alloc
FN:32,ngx_shm_free
FNDA:0,ngx_shm_free
FNDA:524484,ngx_shm_alloc
FNF:2
FNH:1
DA:15,524484
DA:17,524484
DA:21,524484
DA:22,0
DA:24,0
DA:27,524484
DA:28,524484
DA:32,0
DA:34,0
DA:35,0
DA:37,0
DA:38,0
LF:12
LH:5
end_of_record
TN:
SF:/home/ufo/personal/research/fuzzing/nginx/src/os/unix/ngx_socket.c
FN:27,ngx_nonblocking
FN:38,ngx_blocking
FN:79,ngx_tcp_nopush
FN:91,ngx_tcp_push
FNDA:0,ngx_tcp_nopush
FNDA:0,ngx_tcp_push
FNDA:524484,ngx_nonblocking
FNDA:0,ngx_blocking
FNF:4
FNH:1
DA:27,524484
DA:29,524484
DA:31,524484
DA:33,1048968
DA:34,524484
DA:38,0
DA:40,0
DA:42,0
DA:44,0
DA:45,0
DA:79,0
DA:81,0
DA:83,0
DA:85,0
DA:86,0
DA:87,0
DA:91,0
DA:93,0
DA:95,0
DA:97,0
DA:98,0
DA:99,0
LF:22
LH:5
end_of_record
TN:
SF:/home/ufo/personal/research/fuzzing/nginx/src/os/unix/ngx_time.c
FN:25,ngx_timezone_update
FN:57,ngx_localtime
FN:76,ngx_libc_localtime
FN:92,ngx_libc_gmtime
FNDA:1048968,ngx_localtime
FNDA:0,ngx_libc_localtime
FNDA:0,ngx_libc_gmtime
FNDA:524484,ngx_timezone_update
FNF:4
FNH:2
DA:25,524484
DA:42,524484
DA:43,524484
DA:44,524484
DA:46,524484
DA:48,524484
DA:50,524484
DA:53,524484
DA:57,1048968
DA:60,1048968
DA:70,1048968
DA:71,1048968
DA:72,1048968
DA:76,0
DA:79,0
DA:88,0
DA:92,0
DA:95,0
DA:104,0
LF:19
LH:13
end_of_record
TN:
SF:/home/ufo/personal/research/fuzzing/nginx/src/os/unix/ngx_udp_recv.c
FN:14,ngx_udp_unix_recv
FNDA:0,ngx_udp_unix_recv
FNF:1
FNH:0
DA:14,0
DA:16,0
DA:17,0
DA:18,0
DA:20,0
DA:22,0
DA:23,0
DA:28,0
DA:48,0
DA:51,0
DA:53,0
DA:56,0
DA:58,0
DA:59,0
DA:60,0
DA:63,0
DA:65,0
DA:67,0
DA:68,0
DA:69,0
DA:71,0
DA:72,0
LF:22
LH:0
end_of_record
TN:
SF:/home/ufo/personal/research/fuzzing/nginx/src/os/unix/ngx_udp_send.c
FN:14,ngx_udp_unix_send
FNDA:0,ngx_udp_unix_send
FNF:1
FNH:0
DA:14,0
DA:16,0
DA:17,0
DA:18,0
DA:20,0
DA:22,0
DA:23,0
DA:29,0
DA:30,0
DA:31,0
DA:32,0
DA:33,0
DA:36,0
DA:38,0
DA:41,0
DA:43,0
DA:44,0
DA:47,0
DA:50,0
DA:51,0
DA:52,0
DA:53,0
DA:56,0
LF:23
LH:0
end_of_record
TN:
SF:/home/ufo/personal/research/fuzzing/nginx/src/os/unix/ngx_udp_sendmsg_chain.c
FN:19,ngx_udp_unix_sendmsg_chain
FN:114,ngx_udp_output_chain_to_iovec
FN:207,ngx_sendmsg
FNDA:0,ngx_udp_output_chain_to_iovec
FNDA:0,ngx_udp_unix_sendmsg_chain
FNDA:0,ngx_sendmsg
FNF:3
FNH:0
DA:19,0
DA:21,0
DA:22,0
DA:23,0
DA:24,0
DA:25,0
DA:26,0
DA:28,0
DA:30,0
DA:31,0
DA:47,0
DA:48,0
DA:49,0
DA:51,0
DA:53,0
DA:54,0
DA:56,0
DA:60,0
DA:62,0
DA:63,0
DA:66,0
DA:67,0
DA:80,0
DA:82,0
DA:85,0
DA:86,0
DA:89,0
DA:91,0
DA:93,0
DA:94,0
DA:97,0
DA:98,0
DA:99,0
DA:102,0
DA:104,0
DA:106,0
DA:107,0
DA:110,0
DA:114,0
DA:116,0
DA:117,0
DA:118,0
DA:119,0
DA:120,0
DA:122,0
DA:123,0
DA:124,0
DA:125,0
DA:126,0
DA:127,0
DA:129,0
DA:131,0
DA:132,0
DA:133,0
DA:135,0
DA:136,0
DA:139,0
DA:140,0
DA:143,0
DA:144,0
DA:157,0
DA:159,0
DA:162,0
DA:164,0
DA:165,0
DA:167,0
DA:168,0
DA:169,0
DA:171,0
DA:174,0
DA:176,0
DA:177,0
DA:180,0
DA:181,0
DA:182,0
DA:184,0
DA:186,0
DA:187,0
DA:189,0
DA:193,0
DA:194,0
DA:195,0
DA:196,0
DA:197,0
DA:199,0
DA:200,0
DA:202,0
DA:203,0
DA:207,0
DA:209,0
DA:210,0
DA:211,0
DA:218,0
DA:222,0
DA:227,0
DA:229,0
DA:230,0
DA:231,0
DA:232,0
DA:234,0
DA:235,0
DA:239,0
DA:264,0
DA:265,0
DA:266,0
DA:267,0
DA:269,0
DA:270,0
DA:272,0
DA:273,0
DA:274,0
DA:275,0
DA:277,0
DA:279,0
DA:280,0
DA:281,0
DA:282,0
DA:288,0
DA:289,0
DA:290,0
DA:291,0
DA:293,0
DA:294,0
DA:296,0
DA:297,0
DA:298,0
DA:299,0
DA:301,0
DA:303,0
DA:304,0
DA:305,0
DA:306,0
DA:309,0
DA:315,0
DA:320,0
DA:321,0
DA:323,0
DA:327,0
DA:332,0
DA:335,0
DA:336,0
DA:337,0
DA:341,0
DA:342,0
LF:144
LH:0
end_of_record
TN:
SF:/home/ufo/personal/research/fuzzing/nginx/src/os/unix/ngx_user.c
FN:17,ngx_libc_crypt
FNDA:0,ngx_libc_crypt
FNF:1
FNH:0
DA:17,0
DA:19,0
DA:20,0
DA:21,0
DA:23,0
DA:25,0
DA:27,0
DA:28,0
DA:30,0
DA:31,0
DA:32,0
DA:35,0
DA:36,0
DA:39,0
DA:41,0
DA:42,0
LF:16
LH:0
end_of_record
TN:
SF:/home/ufo/personal/research/fuzzing/nginx/src/os/unix/ngx_writev_chain.c
FN:14,ngx_writev_chain
FN:108,ngx_output_chain_to_iovec
FN:182,ngx_writev
FNDA:0,ngx_writev_chain
FNDA:0,ngx_writev
FNDA:0,ngx_output_chain_to_iovec
FNF:3
FNH:0
DA:14,0
DA:16,0
DA:17,0
DA:18,0
DA:19,0
DA:20,0
DA:21,0
DA:23,0
DA:25,0
DA:26,0
DA:42,0
DA:43,0
DA:44,0
DA:46,0
DA:48,0
DA:49,0
DA:51,0
DA:52,0
DA:56,0
DA:58,0
DA:59,0
DA:62,0
DA:63,0
DA:76,0
DA:78,0
DA:81,0
DA:83,0
DA:85,0
DA:86,0
DA:89,0
DA:91,0
DA:93,0
DA:95,0
DA:96,0
DA:97,0
DA:100,0
DA:101,0
DA:104,0
DA:108,0
DA:111,0
DA:112,0
DA:113,0
DA:114,0
DA:116,0
DA:117,0
DA:118,0
DA:119,0
DA:121,0
DA:123,0
DA:124,0
DA:127,0
DA:128,0
DA:131,0
DA:132,0
DA:145,0
DA:147,0
DA:150,0
DA:152,0
DA:153,0
DA:154,0
DA:156,0
DA:157,0
DA:159,0
DA:160,0
DA:161,0
DA:164,0
DA:166,0
DA:167,0
DA:170,0
DA:171,0
DA:172,0
DA:174,0
DA:175,0
DA:177,0
DA:178,0
DA:182,0
DA:184,0
DA:185,0
DA:189,0
DA:194,0
DA:195,0
DA:197,0
DA:201,0
DA:206,0
DA:209,0
DA:210,0
DA:211,0
DA:215,0
DA:216,0
LF:89
LH:0
end_of_record
